[35m[1mScanning dependencies of target dynamic_model_quad[0m
[  9%] Built target physical_entity
[ 14%] [32mBuilding CXX object CMakeFiles/dynamic_model_quad.dir/src/dynamic_model_quad.cpp.o[0m
[ 14%] Built target _dt_test_pkg_generate_messages_check_deps_Wind
[ 14%] Built target _dt_test_pkg_generate_messages_check_deps_ControlEval
[ 14%] Built target std_msgs_generate_messages_py
[ 14%] Built target geometry_msgs_generate_messages_py
[ 14%] Built target std_msgs_generate_messages_nodejs
[ 14%] Built target sensor_msgs_generate_messages_py
[ 14%] Built target sensor_msgs_generate_messages_nodejs
[ 14%] Built target geometry_msgs_generate_messages_nodejs
[ 14%] Built target std_msgs_generate_messages_eus
[ 14%] Built target geometry_msgs_generate_messages_eus
[ 14%] Built target sensor_msgs_generate_messages_eus
[ 14%] Built target std_msgs_generate_messages_cpp
[ 14%] Built target geometry_msgs_generate_messages_cpp
[ 14%] Built target sensor_msgs_generate_messages_cpp
[ 14%] Built target geometry_msgs_generate_messages_lisp
[ 14%] Built target std_msgs_generate_messages_lisp
[ 14%] Built target sensor_msgs_generate_messages_lisp
[35m[1mScanning dependencies of target digital_twin[0m
[ 23%] Built target weather
[ 42%] Built target dt_test_pkg_generate_messages_py
[ 47%] [32mBuilding CXX object CMakeFiles/digital_twin.dir/src/digital_twin.cpp.o[0m
[ 57%] Built target dt_test_pkg_generate_messages_nodejs
[ 71%] Built target dt_test_pkg_generate_messages_eus
[ 80%] Built target dt_test_pkg_generate_messages_cpp
[ 90%] Built target dt_test_pkg_generate_messages_lisp
[ 90%] Built target dt_test_pkg_generate_messages
[ 95%] [32m[1mLinking CXX executable /home/roku/workspace_jun/dt_test/devel/.private/dt_test_pkg/lib/dt_test_pkg/dynamic_model_quad[0m
[100%] [32m[1mLinking CXX executable /home/roku/workspace_jun/dt_test/devel/.private/dt_test_pkg/lib/dt_test_pkg/digital_twin[0m
/usr/bin/ld: /usr/lib/gcc/x86_64-linux-gnu/8/../../../x86_64-linux-gnu/Scrt1.o: in function `_start':
(.text+0x24): undefined reference to `main'
collect2: error: ld returned 1 exit status
make[2]: *** [CMakeFiles/dynamic_model_quad.dir/build.make:120: /home/roku/workspace_jun/dt_test/devel/.private/dt_test_pkg/lib/dt_test_pkg/dynamic_model_quad] Error 1
make[1]: *** [CMakeFiles/Makefile2:235: CMakeFiles/dynamic_model_quad.dir/all] Error 2
make[1]: *** Waiting for unfinished jobs....
[100%] Built target digital_twin
make: *** [Makefile:141: all] Error 2
