[35m[1mScanning dependencies of target physical_entity[0m
[  0%] Built target _dt_test_pkg_generate_messages_check_deps_Wind
[  5%] [32mBuilding CXX object CMakeFiles/physical_entity.dir/src/physical_entity.cpp.o[0m
[  5%] Built target std_msgs_generate_messages_py
[  5%] Built target _dt_test_pkg_generate_messages_check_deps_ControlEval
[  5%] Built target geometry_msgs_generate_messages_py
[  5%] Built target sensor_msgs_generate_messages_py
[  5%] Built target std_msgs_generate_messages_nodejs
[  5%] Built target geometry_msgs_generate_messages_nodejs
[  5%] Built target sensor_msgs_generate_messages_nodejs
[  5%] Built target std_msgs_generate_messages_eus
[  5%] Built target geometry_msgs_generate_messages_eus
[  5%] Built target std_msgs_generate_messages_cpp
[  5%] Built target sensor_msgs_generate_messages_eus
[  5%] Built target geometry_msgs_generate_messages_cpp
[  5%] Built target sensor_msgs_generate_messages_cpp
[  5%] Built target geometry_msgs_generate_messages_lisp
[  5%] Built target std_msgs_generate_messages_lisp
[  5%] Built target sensor_msgs_generate_messages_lisp
[35m[1mScanning dependencies of target digital_twin[0m
[ 26%] Built target dt_test_pkg_generate_messages_py
[ 36%] Built target weather
[ 47%] Built target dt_test_pkg_generate_messages_nodejs
[ 63%] Built target dt_test_pkg_generate_messages_eus
[ 68%] [32mBuilding CXX object CMakeFiles/digital_twin.dir/src/digital_twin.cpp.o[0m
[ 78%] Built target dt_test_pkg_generate_messages_cpp
[ 89%] Built target dt_test_pkg_generate_messages_lisp
[ 89%] Built target dt_test_pkg_generate_messages
[ 94%] [32m[1mLinking CXX executable /home/roku/workspace_jun/dt_test/devel/.private/dt_test_pkg/lib/dt_test_pkg/physical_entity[0m
[ 94%] Built target physical_entity
In file included from [01m[K/home/roku/workspace_jun/dt_test/src/dt_test_pkg/src/digital_twin.cpp:3[m[K:
[01m[K/home/roku/workspace_jun/dt_test/src/dt_test_pkg/src/dynamic_model_quad.cpp:[m[K In member function â€˜[01m[Kvoid QuadDynamicModel::updateModelParameters()[m[Kâ€™:
[01m[K/home/roku/workspace_jun/dt_test/src/dt_test_pkg/src/dynamic_model_quad.cpp:176:9:[m[K [01;31m[Kerror: [m[Kâ€˜[01m[K_y[m[Kâ€™ was not declared in this scope
         [01;31m[K_y[m[K = current_velocity.angular.z;
         [01;31m[K^~[m[K
[01m[K/home/roku/workspace_jun/dt_test/src/dt_test_pkg/src/dynamic_model_quad.cpp:176:9:[m[K [01;36m[Knote: [m[Ksuggested alternative: â€˜[01m[K_v[m[Kâ€™
         [01;36m[K_y[m[K = current_velocity.angular.z;
         [01;36m[K^~[m[K
         [32m[K_v[m[K
make[2]: *** [CMakeFiles/digital_twin.dir/build.make:63: CMakeFiles/digital_twin.dir/src/digital_twin.cpp.o] Error 1
make[1]: *** [CMakeFiles/Makefile2:1121: CMakeFiles/digital_twin.dir/all] Error 2
make: *** [Makefile:141: all] Error 2
