[ 10%] Built target physical_entity
[ 10%] Built target std_msgs_generate_messages_py
[ 10%] Built target geometry_msgs_generate_messages_py
[ 10%] Built target _dt_test_pkg_generate_messages_check_deps_ControlEval
[ 10%] Built target _dt_test_pkg_generate_messages_check_deps_Wind
[ 10%] Built target sensor_msgs_generate_messages_py
[ 10%] Built target std_msgs_generate_messages_nodejs
[ 10%] Built target geometry_msgs_generate_messages_nodejs
[ 10%] Built target sensor_msgs_generate_messages_nodejs
[ 10%] Built target sensor_msgs_generate_messages_eus
[ 10%] Built target std_msgs_generate_messages_eus
[ 10%] Built target geometry_msgs_generate_messages_eus
[ 10%] Built target geometry_msgs_generate_messages_cpp
[ 10%] Built target std_msgs_generate_messages_cpp
[ 10%] Built target geometry_msgs_generate_messages_lisp
[ 10%] Built target sensor_msgs_generate_messages_cpp
[ 10%] Built target sensor_msgs_generate_messages_lisp
[35m[1mScanning dependencies of target digital_twin[0m
[ 10%] Built target std_msgs_generate_messages_lisp
[ 21%] Built target weather
[ 26%] [32mBuilding CXX object CMakeFiles/digital_twin.dir/src/digital_twin.cpp.o[0m
[ 47%] Built target dt_test_pkg_generate_messages_py
[ 63%] Built target dt_test_pkg_generate_messages_eus
[ 73%] Built target dt_test_pkg_generate_messages_nodejs
[ 84%] Built target dt_test_pkg_generate_messages_cpp
[ 94%] Built target dt_test_pkg_generate_messages_lisp
[ 94%] Built target dt_test_pkg_generate_messages
[01m[K/home/roku/workspace_jun/dt_test/src/dt_test_pkg/src/digital_twin.cpp:[m[K In member function â€˜[01m[Kvoid DigitalTwin::offboardSendTargetPose()[m[Kâ€™:
[01m[K/home/roku/workspace_jun/dt_test/src/dt_test_pkg/src/digital_twin.cpp:156:22:[m[K [01;31m[Kerror: [m[Kâ€˜[01m[Kgeometry_msgs::PoseStamped[m[Kâ€™ {aka â€˜[01m[Kstruct geometry_msgs::PoseStamped_<std::allocator<void> >[m[Kâ€™} has no member named â€˜[01m[Kposition[m[Kâ€™
                 pose.[01;31m[Kposition[m[K.x=5;
                      [01;31m[K^~~~~~~~[m[K
make[2]: *** [CMakeFiles/digital_twin.dir/build.make:63: CMakeFiles/digital_twin.dir/src/digital_twin.cpp.o] Error 1
make[1]: *** [CMakeFiles/Makefile2:1121: CMakeFiles/digital_twin.dir/all] Error 2
make: *** [Makefile:141: all] Error 2
