In file included from [01m[K/home/roku/workspace_jun/dt_test/src/dt_test_pkg/src/digital_twin.cpp:3[m[K:
[01m[K/home/roku/workspace_jun/dt_test/src/dt_test_pkg/src/dynamic_model_quad.cpp:[m[K In member function â€˜[01m[Kvoid QuadDynamicModel::updateModelParameters()[m[Kâ€™:
[01m[K/home/roku/workspace_jun/dt_test/src/dt_test_pkg/src/dynamic_model_quad.cpp:191:42:[m[K [01;31m[Kerror: [m[Kâ€˜[01m[Kmavros_msgs::ESCStatus_<std::allocator<void> >::_esc_status_type[m[Kâ€™ {aka â€˜[01m[Kclass std::vector<mavros_msgs::ESCStatusItem_<std::allocator<void> >, std::allocator<mavros_msgs::ESCStatusItem_<std::allocator<void> > > >[m[Kâ€™} has no member named â€˜[01m[Krpm[m[Kâ€™
         int buf = current_esc.esc_status.[01;31m[Krpm[m[K;
                                          [01;31m[K^~~[m[K
make[2]: *** [CMakeFiles/digital_twin.dir/build.make:63: CMakeFiles/digital_twin.dir/src/digital_twin.cpp.o] Error 1
make[1]: *** [CMakeFiles/Makefile2:1121: CMakeFiles/digital_twin.dir/all] Error 2
make: *** [Makefile:141: all] Error 2
