In file included from [01m[K/home/roku/workspace_jun/dt_test/src/dt_test_pkg/src/digital_twin.cpp:3[m[K:
[01m[K/home/roku/workspace_jun/dt_test/src/dt_test_pkg/src/dynamic_model_quad.cpp:33:49:[m[K [01;31m[Kerror: [m[Kflexible array member â€˜[01m[KQuadDynamicModel::current_esc_item[m[Kâ€™ not at end of â€˜[01m[Kclass QuadDynamicModel[m[Kâ€™
     mavros_msgs::ESCStatusItem current_esc_item[[01;31m[K][m[K;
                                                 [01;31m[K^[m[K
[01m[K/home/roku/workspace_jun/dt_test/src/dt_test_pkg/src/dynamic_model_quad.cpp:[m[K In constructor â€˜[01m[KQuadDynamicModel::QuadDynamicModel()[m[Kâ€™:
[01m[K/home/roku/workspace_jun/dt_test/src/dt_test_pkg/src/dynamic_model_quad.cpp:102:5:[m[K [01;31m[Kerror: [m[Kunknown array size in delete
     [01;31m[K{[m[K
     [01;31m[K^[m[K
[01m[K/home/roku/workspace_jun/dt_test/src/dt_test_pkg/src/dynamic_model_quad.cpp:105:122:[m[K [01;31m[Kerror: [m[Kno matching function for call to â€˜[01m[Kros::NodeHandle::subscribe<mavros_msgs::ESCStatusItem>(const char [18], int, void (QuadDynamicModel::*)(const ConstPtr&), QuadDynamicModel*)[m[Kâ€™
         esc_sub = nh_.subscribe<mavros_msgs::ESCStatusItem>("mavros/esc_status", 10, &QuadDynamicModel::escCallBack, this[01;31m[K)[m[K;
                                                                                                                          [01;31m[K^[m[K
In file included from [01m[K/opt/ros/noetic/include/ros/ros.h:45[m[K,
                 from [01m[K/home/roku/workspace_jun/dt_test/src/dt_test_pkg/src/dynamic_model_quad.cpp:7[m[K,
                 from [01m[K/home/roku/workspace_jun/dt_test/src/dt_test_pkg/src/digital_twin.cpp:3[m[K:
[01m[K/opt/ros/noetic/include/ros/node_handle.h:402:14:[m[K [01;36m[Knote: [m[Kcandidate: â€˜[01m[Ktemplate<class M, class T> ros::Subscriber ros::NodeHandle::subscribe(const string&, uint32_t, void (T::*)(M), T*, const ros::TransportHints&)[m[Kâ€™
   Subscriber [01;36m[Ksubscribe[m[K(const std::string& topic, uint32_t queue_size, void(T::*fp)(M), T* obj,
              [01;36m[K^~~~~~~~~[m[K
[01m[K/opt/ros/noetic/include/ros/node_handle.h:402:14:[m[K [01;36m[Knote: [m[K  template argument deduction/substitution failed:
In file included from [01m[K/home/roku/workspace_jun/dt_test/src/dt_test_pkg/src/digital_twin.cpp:3[m[K:
[01m[K/home/roku/workspace_jun/dt_test/src/dt_test_pkg/src/dynamic_model_quad.cpp:105:122:[m[K [01;36m[Knote: [m[K  mismatched types â€˜[01m[Kmavros_msgs::ESCStatusItem_<std::allocator<void> >[m[Kâ€™ and â€˜[01m[Kconst ConstPtr&[m[Kâ€™ {aka â€˜[01m[Kconst boost::shared_ptr<const mavros_msgs::ESCStatus_<std::allocator<void> > >&[m[Kâ€™}
         esc_sub = nh_.subscribe<mavros_msgs::ESCStatusItem>("mavros/esc_status", 10, &QuadDynamicModel::escCallBack, this[01;36m[K)[m[K;
                                                                                                                          [01;36m[K^[m[K
In file included from [01m[K/opt/ros/noetic/include/ros/ros.h:45[m[K,
                 from [01m[K/home/roku/workspace_jun/dt_test/src/dt_test_pkg/src/dynamic_model_quad.cpp:7[m[K,
                 from [01m[K/home/roku/workspace_jun/dt_test/src/dt_test_pkg/src/digital_twin.cpp:3[m[K:
[01m[K/opt/ros/noetic/include/ros/node_handle.h:413:14:[m[K [01;36m[Knote: [m[Kcandidate: â€˜[01m[Ktemplate<class M, class T> ros::Subscriber ros::NodeHandle::subscribe(const string&, uint32_t, void (T::*)(M) const, T*, const ros::TransportHints&)[m[Kâ€™
   Subscriber [01;36m[Ksubscribe[m[K(const std::string& topic, uint32_t queue_size, void(T::*fp)(M) const, T* obj,
              [01;36m[K^~~~~~~~~[m[K
[01m[K/opt/ros/noetic/include/ros/node_handle.h:413:14:[m[K [01;36m[Knote: [m[K  template argument deduction/substitution failed:
In file included from [01m[K/home/roku/workspace_jun/dt_test/src/dt_test_pkg/src/digital_twin.cpp:3[m[K:
[01m[K/home/roku/workspace_jun/dt_test/src/dt_test_pkg/src/dynamic_model_quad.cpp:105:122:[m[K [01;36m[Knote: [m[K  types â€˜[01m[Kvoid (T::)(mavros_msgs::ESCStatusItem_<std::allocator<void> >) const[m[Kâ€™ and â€˜[01m[Kvoid (QuadDynamicModel::)(const ConstPtr&)[m[Kâ€™ {aka â€˜[01m[Kvoid (QuadDynamicModel::)(const boost::shared_ptr<const mavros_msgs::ESCStatus_<std::allocator<void> > >&)[m[Kâ€™} have incompatible cv-qualifiers
         esc_sub = nh_.subscribe<mavros_msgs::ESCStatusItem>("mavros/esc_status", 10, &QuadDynamicModel::escCallBack, this[01;36m[K)[m[K;
                                                                                                                          [01;36m[K^[m[K
In file included from [01m[K/opt/ros/noetic/include/ros/ros.h:45[m[K,
                 from [01m[K/home/roku/workspace_jun/dt_test/src/dt_test_pkg/src/dynamic_model_quad.cpp:7[m[K,
                 from [01m[K/home/roku/workspace_jun/dt_test/src/dt_test_pkg/src/digital_twin.cpp:3[m[K:
[01m[K/opt/ros/noetic/include/ros/node_handle.h:465:14:[m[K [01;36m[Knote: [m[Kcandidate: â€˜[01m[Ktemplate<class M, class T> ros::Subscriber ros::NodeHandle::subscribe(const string&, uint32_t, void (T::*)(const boost::shared_ptr<const M>&), T*, const ros::TransportHints&)[m[Kâ€™
   Subscriber [01;36m[Ksubscribe[m[K(const std::string& topic, uint32_t queue_size,
              [01;36m[K^~~~~~~~~[m[K
[01m[K/opt/ros/noetic/include/ros/node_handle.h:465:14:[m[K [01;36m[Knote: [m[K  template argument deduction/substitution failed:
In file included from [01m[K/home/roku/workspace_jun/dt_test/src/dt_test_pkg/src/digital_twin.cpp:3[m[K:
[01m[K/home/roku/workspace_jun/dt_test/src/dt_test_pkg/src/dynamic_model_quad.cpp:105:122:[m[K [01;36m[Knote: [m[K  mismatched types â€˜[01m[Kconst mavros_msgs::ESCStatusItem_<std::allocator<void> >[m[Kâ€™ and â€˜[01m[Kconst mavros_msgs::ESCStatus_<std::allocator<void> >[m[Kâ€™
         esc_sub = nh_.subscribe<mavros_msgs::ESCStatusItem>("mavros/esc_status", 10, &QuadDynamicModel::escCallBack, this[01;36m[K)[m[K;
                                                                                                                          [01;36m[K^[m[K
In file included from [01m[K/opt/ros/noetic/include/ros/ros.h:45[m[K,
                 from [01m[K/home/roku/workspace_jun/dt_test/src/dt_test_pkg/src/dynamic_model_quad.cpp:7[m[K,
                 from [01m[K/home/roku/workspace_jun/dt_test/src/dt_test_pkg/src/digital_twin.cpp:3[m[K:
[01m[K/opt/ros/noetic/include/ros/node_handle.h:475:14:[m[K [01;36m[Knote: [m[Kcandidate: â€˜[01m[Ktemplate<class M, class T> ros::Subscriber ros::NodeHandle::subscribe(const string&, uint32_t, void (T::*)(const boost::shared_ptr<const M>&) const, T*, const ros::TransportHints&)[m[Kâ€™
   Subscriber [01;36m[Ksubscribe[m[K(const std::string& topic, uint32_t queue_size,
              [01;36m[K^~~~~~~~~[m[K
[01m[K/opt/ros/noetic/include/ros/node_handle.h:475:14:[m[K [01;36m[Knote: [m[K  template argument deduction/substitution failed:
In file included from [01m[K/home/roku/workspace_jun/dt_test/src/dt_test_pkg/src/digital_twin.cpp:3[m[K:
[01m[K/home/roku/workspace_jun/dt_test/src/dt_test_pkg/src/dynamic_model_quad.cpp:105:122:[m[K [01;36m[Knote: [m[K  types â€˜[01m[Kvoid (T::)(const boost::shared_ptr<const mavros_msgs::ESCStatusItem_<std::allocator<void> > >&) const[m[Kâ€™ and â€˜[01m[Kvoid (QuadDynamicModel::)(const ConstPtr&)[m[Kâ€™ {aka â€˜[01m[Kvoid (QuadDynamicModel::)(const boost::shared_ptr<const mavros_msgs::ESCStatus_<std::allocator<void> > >&)[m[Kâ€™} have incompatible cv-qualifiers
         esc_sub = nh_.subscribe<mavros_msgs::ESCStatusItem>("mavros/esc_status", 10, &QuadDynamicModel::escCallBack, this[01;36m[K)[m[K;
                                                                                                                          [01;36m[K^[m[K
In file included from [01m[K/opt/ros/noetic/include/ros/ros.h:45[m[K,
                 from [01m[K/home/roku/workspace_jun/dt_test/src/dt_test_pkg/src/dynamic_model_quad.cpp:7[m[K,
                 from [01m[K/home/roku/workspace_jun/dt_test/src/dt_test_pkg/src/digital_twin.cpp:3[m[K:
[01m[K/opt/ros/noetic/include/ros/node_handle.h:529:14:[m[K [01;36m[Knote: [m[Kcandidate: â€˜[01m[Ktemplate<class M, class T> ros::Subscriber ros::NodeHandle::subscribe(const string&, uint32_t, void (T::*)(M), const boost::shared_ptr<U>&, const ros::TransportHints&)[m[Kâ€™
   Subscriber [01;36m[Ksubscribe[m[K(const std::string& topic, uint32_t queue_size, void(T::*fp)(M),
              [01;36m[K^~~~~~~~~[m[K
[01m[K/opt/ros/noetic/include/ros/node_handle.h:529:14:[m[K [01;36m[Knote: [m[K  template argument deduction/substitution failed:
In file included from [01m[K/home/roku/workspace_jun/dt_test/src/dt_test_pkg/src/digital_twin.cpp:3[m[K:
[01m[K/home/roku/workspace_jun/dt_test/src/dt_test_pkg/src/dynamic_model_quad.cpp:105:122:[m[K [01;36m[Knote: [m[K  mismatched types â€˜[01m[Kmavros_msgs::ESCStatusItem_<std::allocator<void> >[m[Kâ€™ and â€˜[01m[Kconst ConstPtr&[m[Kâ€™ {aka â€˜[01m[Kconst boost::shared_ptr<const mavros_msgs::ESCStatus_<std::allocator<void> > >&[m[Kâ€™}
         esc_sub = nh_.subscribe<mavros_msgs::ESCStatusItem>("mavros/esc_status", 10, &QuadDynamicModel::escCallBack, this[01;36m[K)[m[K;
                                                                                                                          [01;36m[K^[m[K
In file included from [01m[K/opt/ros/noetic/include/ros/ros.h:45[m[K,
                 from [01m[K/home/roku/workspace_jun/dt_test/src/dt_test_pkg/src/dynamic_model_quad.cpp:7[m[K,
                 from [01m[K/home/roku/workspace_jun/dt_test/src/dt_test_pkg/src/digital_twin.cpp:3[m[K:
[01m[K/opt/ros/noetic/include/ros/node_handle.h:540:14:[m[K [01;36m[Knote: [m[Kcandidate: â€˜[01m[Ktemplate<class M, class T> ros::Subscriber ros::NodeHandle::subscribe(const string&, uint32_t, void (T::*)(M) const, const boost::shared_ptr<U>&, const ros::TransportHints&)[m[Kâ€™
   Subscriber [01;36m[Ksubscribe[m[K(const std::string& topic, uint32_t queue_size, void(T::*fp)(M) const,
              [01;36m[K^~~~~~~~~[m[K
[01m[K/opt/ros/noetic/include/ros/node_handle.h:540:14:[m[K [01;36m[Knote: [m[K  template argument deduction/substitution failed:
In file included from [01m[K/home/roku/workspace_jun/dt_test/src/dt_test_pkg/src/digital_twin.cpp:3[m[K:
[01m[K/home/roku/workspace_jun/dt_test/src/dt_test_pkg/src/dynamic_model_quad.cpp:105:122:[m[K [01;36m[Knote: [m[K  types â€˜[01m[Kvoid (T::)(mavros_msgs::ESCStatusItem_<std::allocator<void> >) const[m[Kâ€™ and â€˜[01m[Kvoid (QuadDynamicModel::)(const ConstPtr&)[m[Kâ€™ {aka â€˜[01m[Kvoid (QuadDynamicModel::)(const boost::shared_ptr<const mavros_msgs::ESCStatus_<std::allocator<void> > >&)[m[Kâ€™} have incompatible cv-qualifiers
         esc_sub = nh_.subscribe<mavros_msgs::ESCStatusItem>("mavros/esc_status", 10, &QuadDynamicModel::escCallBack, this[01;36m[K)[m[K;
                                                                                                                          [01;36m[K^[m[K
In file included from [01m[K/opt/ros/noetic/include/ros/ros.h:45[m[K,
                 from [01m[K/home/roku/workspace_jun/dt_test/src/dt_test_pkg/src/dynamic_model_quad.cpp:7[m[K,
                 from [01m[K/home/roku/workspace_jun/dt_test/src/dt_test_pkg/src/digital_twin.cpp:3[m[K:
[01m[K/opt/ros/noetic/include/ros/node_handle.h:594:14:[m[K [01;36m[Knote: [m[Kcandidate: â€˜[01m[Ktemplate<class M, class T> ros::Subscriber ros::NodeHandle::subscribe(const string&, uint32_t, void (T::*)(const boost::shared_ptr<const M>&), const boost::shared_ptr<U>&, const ros::TransportHints&)[m[Kâ€™
   Subscriber [01;36m[Ksubscribe[m[K(const std::string& topic, uint32_t queue_size,
              [01;36m[K^~~~~~~~~[m[K
[01m[K/opt/ros/noetic/include/ros/node_handle.h:594:14:[m[K [01;36m[Knote: [m[K  template argument deduction/substitution failed:
In file included from [01m[K/home/roku/workspace_jun/dt_test/src/dt_test_pkg/src/digital_twin.cpp:3[m[K:
[01m[K/home/roku/workspace_jun/dt_test/src/dt_test_pkg/src/dynamic_model_quad.cpp:105:122:[m[K [01;36m[Knote: [m[K  mismatched types â€˜[01m[Kconst mavros_msgs::ESCStatusItem_<std::allocator<void> >[m[Kâ€™ and â€˜[01m[Kconst mavros_msgs::ESCStatus_<std::allocator<void> >[m[Kâ€™
         esc_sub = nh_.subscribe<mavros_msgs::ESCStatusItem>("mavros/esc_status", 10, &QuadDynamicModel::escCallBack, this[01;36m[K)[m[K;
                                                                                                                          [01;36m[K^[m[K
In file included from [01m[K/opt/ros/noetic/include/ros/ros.h:45[m[K,
                 from [01m[K/home/roku/workspace_jun/dt_test/src/dt_test_pkg/src/dynamic_model_quad.cpp:7[m[K,
                 from [01m[K/home/roku/workspace_jun/dt_test/src/dt_test_pkg/src/digital_twin.cpp:3[m[K:
[01m[K/opt/ros/noetic/include/ros/node_handle.h:605:14:[m[K [01;36m[Knote: [m[Kcandidate: â€˜[01m[Ktemplate<class M, class T> ros::Subscriber ros::NodeHandle::subscribe(const string&, uint32_t, void (T::*)(const boost::shared_ptr<const M>&) const, const boost::shared_ptr<U>&, const ros::TransportHints&)[m[Kâ€™
   Subscriber [01;36m[Ksubscribe[m[K(const std::string& topic, uint32_t queue_size,
              [01;36m[K^~~~~~~~~[m[K
[01m[K/opt/ros/noetic/include/ros/node_handle.h:605:14:[m[K [01;36m[Knote: [m[K  template argument deduction/substitution failed:
In file included from [01m[K/home/roku/workspace_jun/dt_test/src/dt_test_pkg/src/digital_twin.cpp:3[m[K:
[01m[K/home/roku/workspace_jun/dt_test/src/dt_test_pkg/src/dynamic_model_quad.cpp:105:122:[m[K [01;36m[Knote: [m[K  types â€˜[01m[Kvoid (T::)(const boost::shared_ptr<const mavros_msgs::ESCStatusItem_<std::allocator<void> > >&) const[m[Kâ€™ and â€˜[01m[Kvoid (QuadDynamicModel::)(const ConstPtr&)[m[Kâ€™ {aka â€˜[01m[Kvoid (QuadDynamicModel::)(const boost::shared_ptr<const mavros_msgs::ESCStatus_<std::allocator<void> > >&)[m[Kâ€™} have incompatible cv-qualifiers
         esc_sub = nh_.subscribe<mavros_msgs::ESCStatusItem>("mavros/esc_status", 10, &QuadDynamicModel::escCallBack, this[01;36m[K)[m[K;
                                                                                                                          [01;36m[K^[m[K
In file included from [01m[K/opt/ros/noetic/include/ros/ros.h:45[m[K,
                 from [01m[K/home/roku/workspace_jun/dt_test/src/dt_test_pkg/src/dynamic_model_quad.cpp:7[m[K,
                 from [01m[K/home/roku/workspace_jun/dt_test/src/dt_test_pkg/src/digital_twin.cpp:3[m[K:
[01m[K/opt/ros/noetic/include/ros/node_handle.h:656:14:[m[K [01;36m[Knote: [m[Kcandidate: â€˜[01m[Ktemplate<class M> ros::Subscriber ros::NodeHandle::subscribe(const string&, uint32_t, void (*)(M), const ros::TransportHints&)[m[Kâ€™
   Subscriber [01;36m[Ksubscribe[m[K(const std::string& topic, uint32_t queue_size, void(*fp)(M), const TransportHints& transport_hints = TransportHints())
              [01;36m[K^~~~~~~~~[m[K
[01m[K/opt/ros/noetic/include/ros/node_handle.h:656:14:[m[K [01;36m[Knote: [m[K  template argument deduction/substitution failed:
In file included from [01m[K/home/roku/workspace_jun/dt_test/src/dt_test_pkg/src/digital_twin.cpp:3[m[K:
[01m[K/home/roku/workspace_jun/dt_test/src/dt_test_pkg/src/dynamic_model_quad.cpp:105:86:[m[K [01;36m[Knote: [m[K  cannot convert â€˜[01m[K&QuadDynamicModel::escCallBack[m[Kâ€™ (type â€˜[01m[Kvoid (QuadDynamicModel::*)(const ConstPtr&)[m[Kâ€™ {aka â€˜[01m[Kvoid (QuadDynamicModel::*)(const boost::shared_ptr<const mavros_msgs::ESCStatus_<std::allocator<void> > >&)[m[Kâ€™}) to type â€˜[01m[Kvoid (*)(mavros_msgs::ESCStatusItem_<std::allocator<void> >)[m[Kâ€™
         esc_sub = nh_.subscribe<mavros_msgs::ESCStatusItem>("mavros/esc_status", 10, [01;36m[K&QuadDynamicModel[m[K::escCallBack, this);
                                                                                      [01;36m[K^~~~~~~~~~~~~~~~~[m[K
In file included from [01m[K/opt/ros/noetic/include/ros/ros.h:45[m[K,
                 from [01m[K/home/roku/workspace_jun/dt_test/src/dt_test_pkg/src/dynamic_model_quad.cpp:7[m[K,
                 from [01m[K/home/roku/workspace_jun/dt_test/src/dt_test_pkg/src/digital_twin.cpp:3[m[K:
[01m[K/opt/ros/noetic/include/ros/node_handle.h:704:14:[m[K [01;36m[Knote: [m[Kcandidate: â€˜[01m[Ktemplate<class M> ros::Subscriber ros::NodeHandle::subscribe(const string&, uint32_t, void (*)(const boost::shared_ptr<const M>&), const ros::TransportHints&)[m[Kâ€™
   Subscriber [01;36m[Ksubscribe[m[K(const std::string& topic, uint32_t queue_size, void(*fp)(const boost::shared_ptr<M const>&), const TransportHints& transport_hints = TransportHints())
              [01;36m[K^~~~~~~~~[m[K
[01m[K/opt/ros/noetic/include/ros/node_handle.h:704:14:[m[K [01;36m[Knote: [m[K  template argument deduction/substitution failed:
In file included from [01m[K/home/roku/workspace_jun/dt_test/src/dt_test_pkg/src/digital_twin.cpp:3[m[K:
[01m[K/home/roku/workspace_jun/dt_test/src/dt_test_pkg/src/dynamic_model_quad.cpp:105:86:[m[K [01;36m[Knote: [m[K  cannot convert â€˜[01m[K&QuadDynamicModel::escCallBack[m[Kâ€™ (type â€˜[01m[Kvoid (QuadDynamicModel::*)(const ConstPtr&)[m[Kâ€™ {aka â€˜[01m[Kvoid (QuadDynamicModel::*)(const boost::shared_ptr<const mavros_msgs::ESCStatus_<std::allocator<void> > >&)[m[Kâ€™}) to type â€˜[01m[Kvoid (*)(const boost::shared_ptr<const mavros_msgs::ESCStatusItem_<std::allocator<void> > >&)[m[Kâ€™
         esc_sub = nh_.subscribe<mavros_msgs::ESCStatusItem>("mavros/esc_status", 10, [01;36m[K&QuadDynamicModel[m[K::escCallBack, this);
                                                                                      [01;36m[K^~~~~~~~~~~~~~~~~[m[K
In file included from [01m[K/opt/ros/noetic/include/ros/ros.h:45[m[K,
                 from [01m[K/home/roku/workspace_jun/dt_test/src/dt_test_pkg/src/dynamic_model_quad.cpp:7[m[K,
                 from [01m[K/home/roku/workspace_jun/dt_test/src/dt_test_pkg/src/digital_twin.cpp:3[m[K:
[01m[K/opt/ros/noetic/include/ros/node_handle.h:750:14:[m[K [01;36m[Knote: [m[Kcandidate: â€˜[01m[Ktemplate<class M> ros::Subscriber ros::NodeHandle::subscribe(const string&, uint32_t, const boost::function<void(const boost::shared_ptr<const M>&)>&, const VoidConstPtr&, const ros::TransportHints&)[m[Kâ€™
   Subscriber [01;36m[Ksubscribe[m[K(const std::string& topic, uint32_t queue_size, const boost::function<void (const boost::shared_ptr<M const>&)>& callback,
              [01;36m[K^~~~~~~~~[m[K
[01m[K/opt/ros/noetic/include/ros/node_handle.h:750:14:[m[K [01;36m[Knote: [m[K  template argument deduction/substitution failed:
In file included from [01m[K/home/roku/workspace_jun/dt_test/src/dt_test_pkg/src/digital_twin.cpp:3[m[K:
[01m[K/home/roku/workspace_jun/dt_test/src/dt_test_pkg/src/dynamic_model_quad.cpp:105:122:[m[K [01;36m[Knote: [m[K  cannot convert â€˜[01m[K(QuadDynamicModel*)this[m[Kâ€™ (type â€˜[01m[KQuadDynamicModel*[m[Kâ€™) to type â€˜[01m[Kconst VoidConstPtr&[m[Kâ€™ {aka â€˜[01m[Kconst boost::shared_ptr<const void>&[m[Kâ€™}
         esc_sub = nh_.subscribe<mavros_msgs::ESCStatusItem>("mavros/esc_status", 10, &QuadDynamicModel::escCallBack, this[01;36m[K)[m[K;
                                                                                                                          [01;36m[K^[m[K
In file included from [01m[K/opt/ros/noetic/include/ros/ros.h:45[m[K,
                 from [01m[K/home/roku/workspace_jun/dt_test/src/dt_test_pkg/src/dynamic_model_quad.cpp:7[m[K,
                 from [01m[K/home/roku/workspace_jun/dt_test/src/dt_test_pkg/src/digital_twin.cpp:3[m[K:
[01m[K/opt/ros/noetic/include/ros/node_handle.h:799:14:[m[K [01;36m[Knote: [m[Kcandidate: â€˜[01m[Ktemplate<class M, class C> ros::Subscriber ros::NodeHandle::subscribe(const string&, uint32_t, const boost::function<void(C)>&, const VoidConstPtr&, const ros::TransportHints&)[m[Kâ€™
   Subscriber [01;36m[Ksubscribe[m[K(const std::string& topic, uint32_t queue_size, const boost::function<void (C)>& callback,
              [01;36m[K^~~~~~~~~[m[K
[01m[K/opt/ros/noetic/include/ros/node_handle.h:799:14:[m[K [01;36m[Knote: [m[K  template argument deduction/substitution failed:
In file included from [01m[K/home/roku/workspace_jun/dt_test/src/dt_test_pkg/src/digital_twin.cpp:3[m[K:
[01m[K/home/roku/workspace_jun/dt_test/src/dt_test_pkg/src/dynamic_model_quad.cpp:105:122:[m[K [01;36m[Knote: [m[K  mismatched types â€˜[01m[Kconst boost::function<void(C)>[m[Kâ€™ and â€˜[01m[Kvoid (QuadDynamicModel::*)(const ConstPtr&)[m[Kâ€™ {aka â€˜[01m[Kvoid (QuadDynamicModel::*)(const boost::shared_ptr<const mavros_msgs::ESCStatus_<std::allocator<void> > >&)[m[Kâ€™}
         esc_sub = nh_.subscribe<mavros_msgs::ESCStatusItem>("mavros/esc_status", 10, &QuadDynamicModel::escCallBack, this[01;36m[K)[m[K;
                                                                                                                          [01;36m[K^[m[K
[01m[K/home/roku/workspace_jun/dt_test/src/dt_test_pkg/src/dynamic_model_quad.cpp:[m[K In destructor â€˜[01m[KQuadDynamicModel::~QuadDynamicModel()[m[Kâ€™:
[01m[K/home/roku/workspace_jun/dt_test/src/dt_test_pkg/src/dynamic_model_quad.cpp:129:5:[m[K [01;31m[Kerror: [m[Kunknown array size in delete
     [01;31m[K{[m[K
     [01;31m[K^[m[K
[01m[K/home/roku/workspace_jun/dt_test/src/dt_test_pkg/src/dynamic_model_quad.cpp:[m[K In member function â€˜[01m[Kvoid QuadDynamicModel::escCallBack(const ConstPtr&)[m[Kâ€™:
[01m[K/home/roku/workspace_jun/dt_test/src/dt_test_pkg/src/dynamic_model_quad.cpp:153:9:[m[K [01;31m[Kerror: [m[Kinvalid use of array with unspecified bounds
         [01;31m[Kcurrent_esc_item[m[K = msg->esc_status;
         [01;31m[K^~~~~~~~~~~~~~~~[m[K
[01m[K/home/roku/workspace_jun/dt_test/src/dt_test_pkg/src/dynamic_model_quad.cpp:[m[K At global scope:
[01m[K/home/roku/workspace_jun/dt_test/src/dt_test_pkg/src/dynamic_model_quad.cpp:33:49:[m[K [01;31m[Kerror: [m[Kflexible array member â€˜[01m[KQuadDynamicModel::current_esc_item[m[Kâ€™ not at end of â€˜[01m[Kclass DigitalTwin[m[Kâ€™
     mavros_msgs::ESCStatusItem current_esc_item[[01;31m[K][m[K;
                                                 [01;31m[K^[m[K
make[2]: *** [CMakeFiles/digital_twin.dir/build.make:63: CMakeFiles/digital_twin.dir/src/digital_twin.cpp.o] Error 1
make[1]: *** [CMakeFiles/Makefile2:1121: CMakeFiles/digital_twin.dir/all] Error 2
make: *** [Makefile:141: all] Error 2
