[01m[K/home/roku/workspace_jun/dt_test/src/dt_test_pkg/src/weather_node.cpp:[m[K In function â€˜[01m[Kint main(int, char**)[m[Kâ€™:
[01m[K/home/roku/workspace_jun/dt_test/src/dt_test_pkg/src/weather_node.cpp:146:24:[m[K [01;31m[Kerror: [m[Kno matching function for call to â€˜[01m[Kros::Rate::sleep(int)[m[Kâ€™
         rate.sleep(1000[01;31m[K)[m[K;
                        [01;31m[K^[m[K
In file included from [01m[K/opt/ros/noetic/include/ros/ros.h:39[m[K,
                 from [01m[K/home/roku/workspace_jun/dt_test/src/dt_test_pkg/src/weather_node.cpp:13[m[K:
[01m[K/opt/ros/noetic/include/ros/rate.h:65:8:[m[K [01;36m[Knote: [m[Kcandidate: â€˜[01m[Kbool ros::Rate::sleep()[m[Kâ€™
   bool [01;36m[Ksleep[m[K();
        [01;36m[K^~~~~[m[K
[01m[K/opt/ros/noetic/include/ros/rate.h:65:8:[m[K [01;36m[Knote: [m[K  candidate expects 0 arguments, 1 provided
make[2]: *** [CMakeFiles/weather.dir/build.make:63: CMakeFiles/weather.dir/src/weather_node.cpp.o] Error 1
make[1]: *** [CMakeFiles/Makefile2:2687: CMakeFiles/weather.dir/all] Error 2
make: *** [Makefile:141: all] Error 2
