[ 10%] Built target physical_entity
[ 10%] Built target _dt_test_pkg_generate_messages_check_deps_ControlEval
[ 10%] Built target std_msgs_generate_messages_py
[ 10%] Built target _dt_test_pkg_generate_messages_check_deps_Wind
[ 10%] Built target geometry_msgs_generate_messages_py
[ 10%] Built target std_msgs_generate_messages_nodejs
[ 10%] Built target sensor_msgs_generate_messages_py
[ 10%] Built target geometry_msgs_generate_messages_nodejs
[ 10%] Built target sensor_msgs_generate_messages_nodejs
[ 10%] Built target std_msgs_generate_messages_eus
[ 10%] Built target geometry_msgs_generate_messages_eus
[ 10%] Built target sensor_msgs_generate_messages_eus
[ 10%] Built target std_msgs_generate_messages_cpp
[ 10%] Built target geometry_msgs_generate_messages_cpp
[ 10%] Built target geometry_msgs_generate_messages_lisp
[ 10%] Built target std_msgs_generate_messages_lisp
[ 10%] Built target sensor_msgs_generate_messages_cpp
[35m[1mScanning dependencies of target digital_twin[0m
[ 21%] Built target weather
[ 21%] Built target sensor_msgs_generate_messages_lisp
[ 42%] Built target dt_test_pkg_generate_messages_py
[ 52%] Built target dt_test_pkg_generate_messages_nodejs
[ 57%] [32mBuilding CXX object CMakeFiles/digital_twin.dir/src/digital_twin.cpp.o[0m
[ 73%] Built target dt_test_pkg_generate_messages_eus
[ 84%] Built target dt_test_pkg_generate_messages_cpp
[ 94%] Built target dt_test_pkg_generate_messages_lisp
[ 94%] Built target dt_test_pkg_generate_messages
[01m[K/home/roku/workspace_jun/dt_test/src/dt_test_pkg/src/digital_twin.cpp:[m[K In member function â€˜[01m[Kvoid DigitalTwin::offboardSendTargetPose()[m[Kâ€™:
[01m[K/home/roku/workspace_jun/dt_test/src/dt_test_pkg/src/digital_twin.cpp:155:38:[m[K [01;31m[Kerror: [m[Kno matching function for call to â€˜[01m[Kmodf(int&, int)[m[Kâ€™
             if(modf(display_count, 10[01;31m[K)[m[K == 0){
                                      [01;31m[K^[m[K
In file included from [01m[K/usr/include/features.h:461[m[K,
                 from [01m[K/usr/include/x86_64-linux-gnu/c++/8/bits/os_defines.h:39[m[K,
                 from [01m[K/usr/include/x86_64-linux-gnu/c++/8/bits/c++config.h:508[m[K,
                 from [01m[K/usr/include/c++/8/cstddef:49[m[K,
                 from [01m[K/usr/include/boost/config/compiler/gcc.hpp:165[m[K,
                 from [01m[K/usr/include/boost/config.hpp:39[m[K,
                 from [01m[K/usr/include/boost/type_traits/remove_reference.hpp:12[m[K,
                 from [01m[K/opt/ros/noetic/include/ros/service_traits.h:31[m[K,
                 from [01m[K/home/roku/workspace_jun/dt_test/devel/.private/dt_test_pkg/include/dt_test_pkg/ControlEval.h:8[m[K,
                 from [01m[K/home/roku/workspace_jun/dt_test/src/dt_test_pkg/src/digital_twin.cpp:2[m[K:
[01m[K/usr/include/x86_64-linux-gnu/bits/mathcalls.h:110:1:[m[K [01;36m[Knote: [m[Kcandidate: â€˜[01m[Kdouble modf(double, double*)[m[Kâ€™ <near match>
 [01;36m[K__MATHCALL[m[K (modf,, (_Mdouble_ __x, _Mdouble_ *__iptr)) __nonnull ((2));
 [01;36m[K^~~~~~~~~~[m[K
[01m[K/usr/include/x86_64-linux-gnu/bits/mathcalls.h:110:1:[m[K [01;36m[Knote: [m[K  conversion of argument 2 would be ill-formed:
[01m[K/home/roku/workspace_jun/dt_test/src/dt_test_pkg/src/digital_twin.cpp:155:36:[m[K [01;31m[Kerror: [m[Kinvalid conversion from â€˜[01m[Kint[m[Kâ€™ to â€˜[01m[Kdouble*[m[Kâ€™ [[01;31m[K-fpermissive[m[K]
             if(modf(display_count, [01;31m[K10[m[K) == 0){
                                    [01;31m[K^~[m[K
In file included from [01m[K/opt/ros/noetic/include/ros/time.h:55[m[K,
                 from [01m[K/opt/ros/noetic/include/ros/serialization.h:34[m[K,
                 from [01m[K/home/roku/workspace_jun/dt_test/devel/.private/dt_test_pkg/include/dt_test_pkg/ControlEvalRequest.h:14[m[K,
                 from [01m[K/home/roku/workspace_jun/dt_test/devel/.private/dt_test_pkg/include/dt_test_pkg/ControlEval.h:11[m[K,
                 from [01m[K/home/roku/workspace_jun/dt_test/src/dt_test_pkg/src/digital_twin.cpp:2[m[K:
[01m[K/usr/include/c++/8/cmath:380:3:[m[K [01;36m[Knote: [m[Kcandidate: â€˜[01m[Klong double std::modf(long double, long double*)[m[Kâ€™ <near match>
   [01;36m[Kmodf[m[K(long double __x, long double* __iptr)
   [01;36m[K^~~~[m[K
[01m[K/usr/include/c++/8/cmath:380:3:[m[K [01;36m[Knote: [m[K  conversion of argument 2 would be ill-formed:
[01m[K/home/roku/workspace_jun/dt_test/src/dt_test_pkg/src/digital_twin.cpp:155:36:[m[K [01;31m[Kerror: [m[Kinvalid conversion from â€˜[01m[Kint[m[Kâ€™ to â€˜[01m[Klong double*[m[Kâ€™ [[01;31m[K-fpermissive[m[K]
             if(modf(display_count, [01;31m[K10[m[K) == 0){
                                    [01;31m[K^~[m[K
In file included from [01m[K/opt/ros/noetic/include/ros/time.h:55[m[K,
                 from [01m[K/opt/ros/noetic/include/ros/serialization.h:34[m[K,
                 from [01m[K/home/roku/workspace_jun/dt_test/devel/.private/dt_test_pkg/include/dt_test_pkg/ControlEvalRequest.h:14[m[K,
                 from [01m[K/home/roku/workspace_jun/dt_test/devel/.private/dt_test_pkg/include/dt_test_pkg/ControlEval.h:11[m[K,
                 from [01m[K/home/roku/workspace_jun/dt_test/src/dt_test_pkg/src/digital_twin.cpp:2[m[K:
[01m[K/usr/include/c++/8/cmath:376:3:[m[K [01;36m[Knote: [m[Kcandidate: â€˜[01m[Kfloat std::modf(float, float*)[m[Kâ€™ <near match>
   [01;36m[Kmodf[m[K(float __x, float* __iptr)
   [01;36m[K^~~~[m[K
[01m[K/usr/include/c++/8/cmath:376:3:[m[K [01;36m[Knote: [m[K  conversion of argument 2 would be ill-formed:
[01m[K/home/roku/workspace_jun/dt_test/src/dt_test_pkg/src/digital_twin.cpp:155:36:[m[K [01;31m[Kerror: [m[Kinvalid conversion from â€˜[01m[Kint[m[Kâ€™ to â€˜[01m[Kfloat*[m[Kâ€™ [[01;31m[K-fpermissive[m[K]
             if(modf(display_count, [01;31m[K10[m[K) == 0){
                                    [01;31m[K^~[m[K
make[2]: *** [CMakeFiles/digital_twin.dir/build.make:63: CMakeFiles/digital_twin.dir/src/digital_twin.cpp.o] Error 1
make[1]: *** [CMakeFiles/Makefile2:1121: CMakeFiles/digital_twin.dir/all] Error 2
make: *** [Makefile:141: all] Error 2
