[35m[1mScanning dependencies of target dynamic_model_quad[0m
[  4%] [32mBuilding CXX object CMakeFiles/dynamic_model_quad.dir/src/dynamic_model_quad.cpp.o[0m
[ 14%] Built target physical_entity
[ 14%] Built target _dt_test_pkg_generate_messages_check_deps_Wind
[ 14%] Built target _dt_test_pkg_generate_messages_check_deps_ControlEval
[ 14%] Built target std_msgs_generate_messages_py
[ 14%] Built target sensor_msgs_generate_messages_py
[ 14%] Built target geometry_msgs_generate_messages_py
[ 14%] Built target std_msgs_generate_messages_nodejs
[ 14%] Built target geometry_msgs_generate_messages_nodejs
[ 14%] Built target sensor_msgs_generate_messages_nodejs
[ 14%] Built target geometry_msgs_generate_messages_eus
[ 14%] Built target std_msgs_generate_messages_eus
[ 14%] Built target std_msgs_generate_messages_cpp
[ 14%] Built target geometry_msgs_generate_messages_cpp
[ 14%] Built target sensor_msgs_generate_messages_eus
[ 14%] Built target geometry_msgs_generate_messages_lisp
[ 14%] Built target sensor_msgs_generate_messages_cpp
[ 14%] Built target std_msgs_generate_messages_lisp
[35m[1mScanning dependencies of target digital_twin[0m
[ 14%] Built target sensor_msgs_generate_messages_lisp
[ 33%] Built target dt_test_pkg_generate_messages_py
[ 38%] [32mBuilding CXX object CMakeFiles/digital_twin.dir/src/digital_twin.cpp.o[0m
[ 47%] Built target weather
[ 57%] Built target dt_test_pkg_generate_messages_nodejs
[ 71%] Built target dt_test_pkg_generate_messages_eus
[ 80%] Built target dt_test_pkg_generate_messages_cpp
[ 90%] Built target dt_test_pkg_generate_messages_lisp
[ 90%] Built target dt_test_pkg_generate_messages
[01m[K/home/roku/workspace_jun/dt_test/src/dt_test_pkg/src/digital_twin.cpp:214:5:[m[K [01;31m[Kerror: [m[Kredefinition of â€˜[01m[Kint main(int, char**)[m[Kâ€™
 int [01;31m[Kmain[m[K(int argc, char **argv)
     [01;31m[K^~~~[m[K
In file included from [01m[K/home/roku/workspace_jun/dt_test/src/dt_test_pkg/src/digital_twin.cpp:3[m[K:
[01m[K/home/roku/workspace_jun/dt_test/src/dt_test_pkg/src/dynamic_model_quad.cpp:99:5:[m[K [01;36m[Knote: [m[Kâ€˜[01m[Kint main(int, char**)[m[Kâ€™ previously defined here
 int [01;36m[Kmain[m[K(int argc, char **argv)
     [01;36m[K^~~~[m[K
make[2]: *** [CMakeFiles/digital_twin.dir/build.make:63: CMakeFiles/digital_twin.dir/src/digital_twin.cpp.o] Error 1
make[1]: *** [CMakeFiles/Makefile2:1150: CMakeFiles/digital_twin.dir/all] Error 2
make[1]: *** Waiting for unfinished jobs....
[ 95%] [32m[1mLinking CXX executable /home/roku/workspace_jun/dt_test/devel/.private/dt_test_pkg/lib/dt_test_pkg/dynamic_model_quad[0m
[ 95%] Built target dynamic_model_quad
make: *** [Makefile:141: all] Error 2
