[01m[K/home/roku/workspace_jun/dt_test/src/dt_test_pkg/src/dynamic_model_quad.cpp:1:10:[m[K [01;31m[Kfatal error: [m[Kmatrix/matrix/math.hpp: No such file or directory
 #include [01;31m[K<matrix/matrix/math.hpp>[m[K
          [01;31m[K^~~~~~~~~~~~~~~~~~~~~~~~[m[K
compilation terminated.
make[2]: *** [CMakeFiles/dynamic_model_quad.dir/build.make:63: CMakeFiles/dynamic_model_quad.dir/src/dynamic_model_quad.cpp.o] Error 1
make[1]: *** [CMakeFiles/Makefile2:235: CMakeFiles/dynamic_model_quad.dir/all] Error 2
make[1]: *** Waiting for unfinished jobs....
make: *** [Makefile:141: all] Error 2
