[01m[K/home/roku/workspace_jun/dt_test/src/dt_test_pkg/src/weather_node.cpp:[m[K In function â€˜[01m[Kint main(int, char**)[m[Kâ€™:
[01m[K/home/roku/workspace_jun/dt_test/src/dt_test_pkg/src/weather_node.cpp:147:58:[m[K [01;31m[Kerror: [m[Kâ€˜[01m[Kycczkl[m[Kâ€™ was not declared in this scope
             current_wind.wind_y = decimalValue_direction;[01;31m[Kycczkl[m[K
                                                          [01;31m[K^~~~~~[m[K
In file included from [01m[K/home/roku/workspace_jun/dt_test/src/dt_test_pkg/src/digital_twin.cpp:3[m[K:
[01m[K/home/roku/workspace_jun/dt_test/src/dt_test_pkg/src/dynamic_model_quad.cpp:37:2:[m[K [01;31m[Kerror: [m[Kâ€˜[01m[Kmatrix[m[Kâ€™ does not name a type; did you mean â€˜[01m[Katoi[m[Kâ€™?
  [01;31m[Kmatrix[m[K::Vector3f _Fe_computed; // aerodynamic force
  [01;31m[K^~~~~~[m[K
  [32m[Katoi[m[K
[01m[K/home/roku/workspace_jun/dt_test/src/dt_test_pkg/src/dynamic_model_quad.cpp:38:2:[m[K [01;31m[Kerror: [m[Kâ€˜[01m[Kmatrix[m[Kâ€™ does not name a type; did you mean â€˜[01m[Katoi[m[Kâ€™?
  [01;31m[Kmatrix[m[K::Vector3f _Me_computed; // aerodynamic moment
  [01;31m[K^~~~~~[m[K
  [32m[Katoi[m[K
[01m[K/home/roku/workspace_jun/dt_test/src/dt_test_pkg/src/dynamic_model_quad.cpp:39:2:[m[K [01;31m[Kerror: [m[Kâ€˜[01m[Kmatrix[m[Kâ€™ does not name a type; did you mean â€˜[01m[Katoi[m[Kâ€™?
  [01;31m[Kmatrix[m[K::Vector3f _D_computed; // aerodynamic drag
  [01;31m[K^~~~~~[m[K
  [32m[Katoi[m[K
[01m[K/home/roku/workspace_jun/dt_test/src/dt_test_pkg/src/dynamic_model_quad.cpp:40:2:[m[K [01;31m[Kerror: [m[Kâ€˜[01m[Kmatrix[m[Kâ€™ does not name a type; did you mean â€˜[01m[Katoi[m[Kâ€™?
  [01;31m[Kmatrix[m[K::Vector3f _acc_linear_computed;
  [01;31m[K^~~~~~[m[K
  [32m[Katoi[m[K
[01m[K/home/roku/workspace_jun/dt_test/src/dt_test_pkg/src/dynamic_model_quad.cpp:41:2:[m[K [01;31m[Kerror: [m[Kâ€˜[01m[Kmatrix[m[Kâ€™ does not name a type; did you mean â€˜[01m[Katoi[m[Kâ€™?
  [01;31m[Kmatrix[m[K::Vector3f _acc_angular_computed;
  [01;31m[K^~~~~~[m[K
  [32m[Katoi[m[K
[01m[K/home/roku/workspace_jun/dt_test/src/dt_test_pkg/src/dynamic_model_quad.cpp:88:2:[m[K [01;31m[Kerror: [m[Kâ€˜[01m[Kmatrix[m[Kâ€™ does not name a type; did you mean â€˜[01m[Katoi[m[Kâ€™?
  [01;31m[Kmatrix[m[K::Vector3f getFe() const { return _Fe_computed; }
  [01;31m[K^~~~~~[m[K
  [32m[Katoi[m[K
[01m[K/home/roku/workspace_jun/dt_test/src/dt_test_pkg/src/dynamic_model_quad.cpp:89:2:[m[K [01;31m[Kerror: [m[Kâ€˜[01m[Kmatrix[m[Kâ€™ does not name a type; did you mean â€˜[01m[Katoi[m[Kâ€™?
  [01;31m[Kmatrix[m[K::Vector3f getMe() const { return _Me_computed; }
  [01;31m[K^~~~~~[m[K
  [32m[Katoi[m[K
[01m[K/home/roku/workspace_jun/dt_test/src/dt_test_pkg/src/dynamic_model_quad.cpp:90:2:[m[K [01;31m[Kerror: [m[Kâ€˜[01m[Kmatrix[m[Kâ€™ does not name a type; did you mean â€˜[01m[Katoi[m[Kâ€™?
  [01;31m[Kmatrix[m[K::Vector3f getDrag() const { return _D_computed; }
  [01;31m[K^~~~~~[m[K
  [32m[Katoi[m[K
[01m[K/home/roku/workspace_jun/dt_test/src/dt_test_pkg/src/dynamic_model_quad.cpp:91:2:[m[K [01;31m[Kerror: [m[Kâ€˜[01m[Kmatrix[m[Kâ€™ does not name a type; did you mean â€˜[01m[Katoi[m[Kâ€™?
  [01;31m[Kmatrix[m[K::Vector3f getAccLinear() const { return _acc_linear_computed; }
  [01;31m[K^~~~~~[m[K
  [32m[Katoi[m[K
[01m[K/home/roku/workspace_jun/dt_test/src/dt_test_pkg/src/dynamic_model_quad.cpp:92:2:[m[K [01;31m[Kerror: [m[Kâ€˜[01m[Kmatrix[m[Kâ€™ does not name a type; did you mean â€˜[01m[Katoi[m[Kâ€™?
  [01;31m[Kmatrix[m[K::Vector3f getAccAngular() const { return _acc_angular_computed; }
  [01;31m[K^~~~~~[m[K
  [32m[Katoi[m[K
make[2]: *** [CMakeFiles/weather.dir/build.make:63: CMakeFiles/weather.dir/src/weather_node.cpp.o] Error 1
make[2]: *** [CMakeFiles/digital_twin.dir/build.make:63: CMakeFiles/digital_twin.dir/src/digital_twin.cpp.o] Error 1
make[1]: *** [CMakeFiles/Makefile2:1121: CMakeFiles/digital_twin.dir/all] Error 2
make[1]: *** Waiting for unfinished jobs....
make[1]: *** [CMakeFiles/Makefile2:2687: CMakeFiles/weather.dir/all] Error 2
make: *** [Makefile:141: all] Error 2
