[35m[1mScanning dependencies of target dynamic_model_quad[0m
[  9%] Built target physical_entity
[ 14%] [32mBuilding CXX object CMakeFiles/dynamic_model_quad.dir/src/dynamic_model_quad.cpp.o[0m
[01m[K/home/roku/workspace_jun/dt_test/src/dt_test_pkg/src/dynamic_model_quad.cpp:1:10:[m[K [01;31m[Kfatal error: [m[Kmatrix/matrix/math.hpp: No such file or directory
 #include [01;31m[K<matrix/matrix/math.hpp>[m[K
          [01;31m[K^~~~~~~~~~~~~~~~~~~~~~~~[m[K
compilation terminated.
make[2]: *** [CMakeFiles/dynamic_model_quad.dir/build.make:63: CMakeFiles/dynamic_model_quad.dir/src/dynamic_model_quad.cpp.o] Error 1
make[1]: *** [CMakeFiles/Makefile2:235: CMakeFiles/dynamic_model_quad.dir/all] Error 2
make[1]: *** Waiting for unfinished jobs....
[ 14%] Built target std_msgs_generate_messages_py
[ 14%] Built target _dt_test_pkg_generate_messages_check_deps_Wind
[ 14%] Built target _dt_test_pkg_generate_messages_check_deps_ControlEval
make: *** [Makefile:141: all] Error 2
