[  4%] [32mBuilding CXX object CMakeFiles/dynamic_model_quad.dir/src/dynamic_model_quad.cpp.o[0m
[ 14%] Built target physical_entity
[ 14%] Built target std_msgs_generate_messages_py
[ 14%] Built target geometry_msgs_generate_messages_py
[ 14%] Built target sensor_msgs_generate_messages_py
[ 14%] Built target std_msgs_generate_messages_nodejs
[ 14%] Built target geometry_msgs_generate_messages_nodejs
[ 14%] Built target sensor_msgs_generate_messages_nodejs
[ 14%] Built target std_msgs_generate_messages_eus
[ 14%] Built target geometry_msgs_generate_messages_eus
[ 14%] Built target sensor_msgs_generate_messages_eus
[ 14%] Built target std_msgs_generate_messages_cpp
[ 14%] Built target geometry_msgs_generate_messages_cpp
[ 14%] Built target sensor_msgs_generate_messages_cpp
[ 14%] Built target geometry_msgs_generate_messages_lisp
[ 14%] Built target std_msgs_generate_messages_lisp
[ 14%] Built target sensor_msgs_generate_messages_lisp
[ 14%] Built target _dt_test_pkg_generate_messages_check_deps_ControlEval
[ 14%] Built target _dt_test_pkg_generate_messages_check_deps_Wind
[35m[1mScanning dependencies of target digital_twin[0m
[35m[1mScanning dependencies of target weather[0m
[ 33%] Built target dt_test_pkg_generate_messages_py
[ 42%] Built target dt_test_pkg_generate_messages_nodejs
[ 47%] [32mBuilding CXX object CMakeFiles/weather.dir/src/weather_node.cpp.o[0m
[ 61%] Built target dt_test_pkg_generate_messages_eus
[ 66%] [32mBuilding CXX object CMakeFiles/digital_twin.dir/src/digital_twin.cpp.o[0m
[ 76%] Built target dt_test_pkg_generate_messages_cpp
[ 85%] Built target dt_test_pkg_generate_messages_lisp
[ 85%] Built target dt_test_pkg_generate_messages
[01m[K/home/roku/workspace_jun/dt_test/src/dt_test_pkg/src/dynamic_model_quad.cpp:1:10:[m[K [01;31m[Kfatal error: [m[Kmatrix/matrix/math.hpp: No such file or directory
 #include [01;31m[K<matrix/matrix/math.hpp>[m[K
          [01;31m[K^~~~~~~~~~~~~~~~~~~~~~~~[m[K
compilation terminated.
make[2]: *** [CMakeFiles/dynamic_model_quad.dir/build.make:63: CMakeFiles/dynamic_model_quad.dir/src/dynamic_model_quad.cpp.o] Error 1
make[1]: *** [CMakeFiles/Makefile2:235: CMakeFiles/dynamic_model_quad.dir/all] Error 2
make[1]: *** Waiting for unfinished jobs....
In file included from [01m[K/home/roku/workspace_jun/dt_test/src/dt_test_pkg/src/digital_twin.cpp:3[m[K:
[01m[K/home/roku/workspace_jun/dt_test/src/dt_test_pkg/src/dynamic_model_quad.cpp:1:10:[m[K [01;31m[Kfatal error: [m[Kmatrix/matrix/math.hpp: No such file or directory
 #include [01;31m[K<matrix/matrix/math.hpp>[m[K
          [01;31m[K^~~~~~~~~~~~~~~~~~~~~~~~[m[K
compilation terminated.
make[2]: *** [CMakeFiles/digital_twin.dir/build.make:63: CMakeFiles/digital_twin.dir/src/digital_twin.cpp.o] Error 1
make[1]: *** [CMakeFiles/Makefile2:1150: CMakeFiles/digital_twin.dir/all] Error 2
[ 90%] [32m[1mLinking CXX executable /home/roku/workspace_jun/dt_test/devel/.private/dt_test_pkg/lib/dt_test_pkg/weather[0m
[ 90%] Built target weather
make: *** [Makefile:141: all] Error 2
