In file included from [01m[K/home/roku/workspace_jun/dt_test/src/dt_test_pkg/src/digital_twin.cpp:3[m[K:
[01m[K/home/roku/workspace_jun/dt_test/src/dt_test_pkg/src/dynamic_model_quad.cpp:[m[K In member function â€˜[01m[Kvoid QuadDynamicModel::escCallBack(const ConstPtr&)[m[Kâ€™:
[01m[K/home/roku/workspace_jun/dt_test/src/dt_test_pkg/src/dynamic_model_quad.cpp:153:33:[m[K [01;31m[Kerror: [m[Kincompatible types in assignment of â€˜[01m[Kconst _esc_status_type[m[Kâ€™ {aka â€˜[01m[Kconst std::vector<mavros_msgs::ESCStatusItem_<std::allocator<void> >, std::allocator<mavros_msgs::ESCStatusItem_<std::allocator<void> > > >[m[Kâ€™} to â€˜[01m[Kmavros_msgs::ESCStatusItem [4][m[Kâ€™ {aka â€˜[01m[Kmavros_msgs::ESCStatusItem_<std::allocator<void> > [4][m[Kâ€™}
         current_esc_item = msg->[01;31m[Kesc_status[m[K;
                                 [01;31m[K^~~~~~~~~~[m[K
make[2]: *** [CMakeFiles/digital_twin.dir/build.make:63: CMakeFiles/digital_twin.dir/src/digital_twin.cpp.o] Error 1
make[1]: *** [CMakeFiles/Makefile2:1121: CMakeFiles/digital_twin.dir/all] Error 2
make: *** [Makefile:141: all] Error 2
