[ 10%] Built target physical_entity
[ 10%] Built target _dt_test_pkg_generate_messages_check_deps_Wind
[ 10%] Built target std_msgs_generate_messages_py
[ 10%] Built target _dt_test_pkg_generate_messages_check_deps_ControlEval
[ 10%] Built target sensor_msgs_generate_messages_py
[ 10%] Built target geometry_msgs_generate_messages_py
[ 10%] Built target std_msgs_generate_messages_nodejs
[ 10%] Built target geometry_msgs_generate_messages_nodejs
[ 10%] Built target std_msgs_generate_messages_eus
[ 10%] Built target sensor_msgs_generate_messages_nodejs
[ 10%] Built target geometry_msgs_generate_messages_eus
[ 10%] Built target sensor_msgs_generate_messages_eus
[ 10%] Built target std_msgs_generate_messages_cpp
[ 10%] Built target geometry_msgs_generate_messages_cpp
[ 10%] Built target geometry_msgs_generate_messages_lisp
[ 10%] Built target sensor_msgs_generate_messages_cpp
[ 10%] Built target sensor_msgs_generate_messages_lisp
[35m[1mScanning dependencies of target digital_twin[0m
[ 10%] Built target std_msgs_generate_messages_lisp
[ 21%] Built target weather
[ 26%] [32mBuilding CXX object CMakeFiles/digital_twin.dir/src/digital_twin.cpp.o[0m
[ 47%] Built target dt_test_pkg_generate_messages_py
[ 57%] Built target dt_test_pkg_generate_messages_nodejs
[ 68%] Built target dt_test_pkg_generate_messages_lisp
[ 84%] Built target dt_test_pkg_generate_messages_eus
[ 94%] Built target dt_test_pkg_generate_messages_cpp
[ 94%] Built target dt_test_pkg_generate_messages
[01m[K/home/roku/workspace_jun/dt_test/src/dt_test_pkg/src/digital_twin.cpp:[m[K In member function â€˜[01m[Kvoid DigitalTwin::offboardSendTargetPose()[m[Kâ€™:
[01m[K/home/roku/workspace_jun/dt_test/src/dt_test_pkg/src/digital_twin.cpp:155:36:[m[K [01;31m[Kerror: [m[Kinvalid conversion from â€˜[01m[Kint[m[Kâ€™ to â€˜[01m[Kfloat*[m[Kâ€™ [[01;31m[K-fpermissive[m[K]
             if(modf(display_count, [01;31m[K10[m[K) == 0){
                                    [01;31m[K^~[m[K
In file included from [01m[K/opt/ros/noetic/include/ros/time.h:55[m[K,
                 from [01m[K/opt/ros/noetic/include/ros/serialization.h:34[m[K,
                 from [01m[K/home/roku/workspace_jun/dt_test/devel/.private/dt_test_pkg/include/dt_test_pkg/ControlEvalRequest.h:14[m[K,
                 from [01m[K/home/roku/workspace_jun/dt_test/devel/.private/dt_test_pkg/include/dt_test_pkg/ControlEval.h:11[m[K,
                 from [01m[K/home/roku/workspace_jun/dt_test/src/dt_test_pkg/src/digital_twin.cpp:2[m[K:
[01m[K/usr/include/c++/8/cmath:376:26:[m[K [01;36m[Knote: [m[K  initializing argument 2 of â€˜[01m[Kfloat std::modf(float, float*)[m[Kâ€™
   modf(float __x, [01;36m[Kfloat* __iptr[m[K)
                   [01;36m[K~~~~~~~^~~~~~[m[K
make[2]: *** [CMakeFiles/digital_twin.dir/build.make:63: CMakeFiles/digital_twin.dir/src/digital_twin.cpp.o] Error 1
make[1]: *** [CMakeFiles/Makefile2:1121: CMakeFiles/digital_twin.dir/all] Error 2
make: *** [Makefile:141: all] Error 2
