[01m[K/home/roku/workspace_jun/dt_test/src/dt_test_pkg/src/digital_twin.cpp:[m[K In member function â€˜[01m[Kvoid DigitalTwin::offboardSendTargetPose()[m[Kâ€™:
[01m[K/home/roku/workspace_jun/dt_test/src/dt_test_pkg/src/digital_twin.cpp:156:22:[m[K [01;31m[Kerror: [m[Kâ€˜[01m[Kgeometry_msgs::PoseStamped[m[Kâ€™ {aka â€˜[01m[Kstruct geometry_msgs::PoseStamped_<std::allocator<void> >[m[Kâ€™} has no member named â€˜[01m[Kposition[m[Kâ€™
                 pose.[01;31m[Kposition[m[K.x=5;
                      [01;31m[K^~~~~~~~[m[K
make[2]: *** [CMakeFiles/digital_twin.dir/build.make:63: CMakeFiles/digital_twin.dir/src/digital_twin.cpp.o] Error 1
make[1]: *** [CMakeFiles/Makefile2:1121: CMakeFiles/digital_twin.dir/all] Error 2
make: *** [Makefile:141: all] Error 2
