In file included from [01m[K/home/roku/workspace_jun/dt_test/src/dt_test_pkg/src/digital_twin.cpp:3[m[K:
[01m[K/home/roku/workspace_jun/dt_test/src/dt_test_pkg/src/dynamic_model_quad.cpp:33:31:[m[K [01;31m[Kerror: [m[Kexpected unqualified-id before â€˜[01m[K[[m[Kâ€™ token
     mavros_msgs::ESCStatusItem[01;31m[K[[m[K] current_esc_item;
                               [01;31m[K^[m[K
[01m[K/home/roku/workspace_jun/dt_test/src/dt_test_pkg/src/dynamic_model_quad.cpp:[m[K In member function â€˜[01m[Kvoid QuadDynamicModel::escCallBack(const ConstPtr&)[m[Kâ€™:
[01m[K/home/roku/workspace_jun/dt_test/src/dt_test_pkg/src/dynamic_model_quad.cpp:153:9:[m[K [01;31m[Kerror: [m[Kâ€˜[01m[Kcurrent_esc_item[m[Kâ€™ was not declared in this scope
         [01;31m[Kcurrent_esc_item[m[K = msg->esc_status;
         [01;31m[K^~~~~~~~~~~~~~~~[m[K
[01m[K/home/roku/workspace_jun/dt_test/src/dt_test_pkg/src/dynamic_model_quad.cpp:153:9:[m[K [01;36m[Knote: [m[Ksuggested alternative: â€˜[01m[Kcurrent_state[m[Kâ€™
         [01;36m[Kcurrent_esc_item[m[K = msg->esc_status;
         [01;36m[K^~~~~~~~~~~~~~~~[m[K
         [32m[Kcurrent_state[m[K
make[2]: *** [CMakeFiles/digital_twin.dir/build.make:63: CMakeFiles/digital_twin.dir/src/digital_twin.cpp.o] Error 1
make[1]: *** [CMakeFiles/Makefile2:1121: CMakeFiles/digital_twin.dir/all] Error 2
make: *** [Makefile:141: all] Error 2
