[01m[K/home/roku/workspace_jun/dt_test/src/dt_test_pkg/src/digital_twin.cpp:57:20:[m[K [01;31m[Kerror: [m[Kexpected identifier before numeric constant
     ros::Rate rate([01;31m[K20.0[m[K);
                    [01;31m[K^~~~[m[K
[01m[K/home/roku/workspace_jun/dt_test/src/dt_test_pkg/src/digital_twin.cpp:57:20:[m[K [01;31m[Kerror: [m[Kexpected â€˜[01m[K,[m[Kâ€™ or â€˜[01m[K...[m[Kâ€™ before numeric constant
[01m[K/home/roku/workspace_jun/dt_test/src/dt_test_pkg/src/digital_twin.cpp:45:42:[m[K [01;31m[Kerror: [m[Kinvalid use of non-static member function â€˜[01m[Kvoid DigitalTwin::state_cb(const ConstPtr&)[m[Kâ€™
             ("mavros/state", 10, state_cb[01;31m[K)[m[K;
                                          [01;31m[K^[m[K
[01m[K/home/roku/workspace_jun/dt_test/src/dt_test_pkg/src/digital_twin.cpp:91:10:[m[K [01;36m[Knote: [m[Kdeclared here
     void [01;36m[Kstate_cb[m[K(const mavros_msgs::State::ConstPtr& msg){
          [01;36m[K^~~~~~~~[m[K
[01m[K/home/roku/workspace_jun/dt_test/src/dt_test_pkg/src/digital_twin.cpp:[m[K In constructor â€˜[01m[KDigitalTwin::DigitalTwin()[m[Kâ€™:
[01m[K/home/roku/workspace_jun/dt_test/src/dt_test_pkg/src/digital_twin.cpp:73:13:[m[K [01;31m[Kerror: [m[Kinvalid use of member function â€˜[01m[Kros::Rate DigitalTwin::rate(int)[m[Kâ€™ (did you forget the â€˜[01m[K()[m[Kâ€™ ?)
             [01;31m[Krate[m[K.sleep();
             [01;31m[K^~~~[m[K
[01m[K/home/roku/workspace_jun/dt_test/src/dt_test_pkg/src/digital_twin.cpp:[m[K In member function â€˜[01m[Kvoid DigitalTwin::offboard_send_target_pose()[m[Kâ€™:
[01m[K/home/roku/workspace_jun/dt_test/src/dt_test_pkg/src/digital_twin.cpp:112:13:[m[K [01;31m[Kerror: [m[Kinvalid use of member function â€˜[01m[Kros::Rate DigitalTwin::rate(int)[m[Kâ€™ (did you forget the â€˜[01m[K()[m[Kâ€™ ?)
             [01;31m[Krate[m[K.sleep();
             [01;31m[K^~~~[m[K
[01m[K/home/roku/workspace_jun/dt_test/src/dt_test_pkg/src/digital_twin.cpp:146:9:[m[K [01;31m[Kerror: [m[Kinvalid use of member function â€˜[01m[Kros::Rate DigitalTwin::rate(int)[m[Kâ€™ (did you forget the â€˜[01m[K()[m[Kâ€™ ?)
         [01;31m[Krate[m[K.sleep();
         [01;31m[K^~~~[m[K
[01m[K/home/roku/workspace_jun/dt_test/src/dt_test_pkg/src/digital_twin.cpp:[m[K In member function â€˜[01m[Kvoid DigitalTwin::safe_control()[m[Kâ€™:
[01m[K/home/roku/workspace_jun/dt_test/src/dt_test_pkg/src/digital_twin.cpp:172:16:[m[K [01;31m[Kerror: [m[Kreturn-statement with a value, in function returning â€˜[01m[Kvoid[m[Kâ€™ [[01;31m[K-fpermissive[m[K]
         return [01;31m[Kresult[m[K;
                [01;31m[K^~~~~~[m[K
make[2]: *** [CMakeFiles/digital_twin.dir/build.make:63: CMakeFiles/digital_twin.dir/src/digital_twin.cpp.o] Error 1
make[1]: *** [CMakeFiles/Makefile2:1121: CMakeFiles/digital_twin.dir/all] Error 2
make: *** [Makefile:141: all] Error 2
