[01m[K/home/roku/workspace_jun/dt_test/src/dt_test_pkg/src/digital_twin.cpp:[m[K In member function â€˜[01m[Kvoid DigitalTwin::offboardSendTargetPose()[m[Kâ€™:
[01m[K/home/roku/workspace_jun/dt_test/src/dt_test_pkg/src/digital_twin.cpp:149:33:[m[K [01;31m[Kerror: [m[Kno matching function for call to â€˜[01m[KDigitalTwin::safeControl(geometry_msgs::PoseStamped&)[m[Kâ€™
             if( safeControl(pose[01;31m[K)[m[K ){
                                 [01;31m[K^[m[K
[01m[K/home/roku/workspace_jun/dt_test/src/dt_test_pkg/src/digital_twin.cpp:166:10:[m[K [01;36m[Knote: [m[Kcandidate: â€˜[01m[Kbool DigitalTwin::safeControl(geometry_msgs::Pose)[m[Kâ€™
     bool [01;36m[KsafeControl[m[K(geometry_msgs::Pose target_pose)
          [01;36m[K^~~~~~~~~~~[m[K
[01m[K/home/roku/workspace_jun/dt_test/src/dt_test_pkg/src/digital_twin.cpp:166:10:[m[K [01;36m[Knote: [m[K  no known conversion for argument 1 from â€˜[01m[Kgeometry_msgs::PoseStamped[m[Kâ€™ {aka â€˜[01m[Kgeometry_msgs::PoseStamped_<std::allocator<void> >[m[Kâ€™} to â€˜[01m[Kgeometry_msgs::Pose[m[Kâ€™ {aka â€˜[01m[Kgeometry_msgs::Pose_<std::allocator<void> >[m[Kâ€™}
make[2]: *** [CMakeFiles/digital_twin.dir/build.make:63: CMakeFiles/digital_twin.dir/src/digital_twin.cpp.o] Error 1
make[1]: *** [CMakeFiles/Makefile2:1121: CMakeFiles/digital_twin.dir/all] Error 2
make[1]: *** Waiting for unfinished jobs....
make: *** [Makefile:141: all] Error 2
