In file included from [01m[K/home/roku/workspace_jun/dt_test/src/dt_test_pkg/src/digital_twin.cpp:3[m[K:
[01m[K/home/roku/workspace_jun/dt_test/src/dt_test_pkg/src/dynamic_model_quad.cpp:59:9:[m[K [01;31m[Kerror: [m[Kexpected â€˜[01m[K}[m[Kâ€™ before â€˜[01m[KVector3f[m[Kâ€™
         [01;31m[KVector3f[m[K(0, l, 0),
         [01;31m[K^~~~~~~~[m[K
[01m[K/home/roku/workspace_jun/dt_test/src/dt_test_pkg/src/dynamic_model_quad.cpp:57:20:[m[K [01;36m[Knote: [m[Kto match this â€˜[01m[K{[m[Kâ€™
     Vector3f r[4]= [01;36m[K{[m[K
                    [01;36m[K^[m[K
[01m[K/home/roku/workspace_jun/dt_test/src/dt_test_pkg/src/dynamic_model_quad.cpp:59:9:[m[K [01;31m[Kerror: [m[Kexpected â€˜[01m[K;[m[Kâ€™ before â€˜[01m[KVector3f[m[Kâ€™
         [01;31m[KVector3f[m[K(0, l, 0),
         [01;31m[K^~~~~~~~[m[K
make[2]: *** [CMakeFiles/digital_twin.dir/build.make:63: CMakeFiles/digital_twin.dir/src/digital_twin.cpp.o] Error 1
make[1]: *** [CMakeFiles/Makefile2:1177: CMakeFiles/digital_twin.dir/all] Error 2
make: *** [Makefile:141: all] Error 2
