[01m[K/home/roku/workspace_jun/dt_test/src/dt_test_pkg/src/digital_twin.cpp:56:20:[m[K [01;31m[Kerror: [m[Kexpected identifier before numeric constant
     ros::Rate rate([01;31m[K20.0[m[K);
                    [01;31m[K^~~~[m[K
[01m[K/home/roku/workspace_jun/dt_test/src/dt_test_pkg/src/digital_twin.cpp:56:20:[m[K [01;31m[Kerror: [m[Kexpected â€˜[01m[K,[m[Kâ€™ or â€˜[01m[K...[m[Kâ€™ before numeric constant
[01m[K/home/roku/workspace_jun/dt_test/src/dt_test_pkg/src/digital_twin.cpp:44:42:[m[K [01;31m[Kerror: [m[Kinvalid use of non-static member function â€˜[01m[Kvoid DigitalTwin::state_cb(const ConstPtr&)[m[Kâ€™
             ("mavros/state", 10, state_cb[01;31m[K)[m[K;
                                          [01;31m[K^[m[K
[01m[K/home/roku/workspace_jun/dt_test/src/dt_test_pkg/src/digital_twin.cpp:90:10:[m[K [01;36m[Knote: [m[Kdeclared here
     void [01;36m[Kstate_cb[m[K(const mavros_msgs::State::ConstPtr& msg){
          [01;36m[K^~~~~~~~[m[K
[01m[K/home/roku/workspace_jun/dt_test/src/dt_test_pkg/src/digital_twin.cpp:[m[K In constructor â€˜[01m[KDigitalTwin::DigitalTwin()[m[Kâ€™:
[01m[K/home/roku/workspace_jun/dt_test/src/dt_test_pkg/src/digital_twin.cpp:72:13:[m[K [01;31m[Kerror: [m[Kinvalid use of member function â€˜[01m[Kros::Rate DigitalTwin::rate(int)[m[Kâ€™ (did you forget the â€˜[01m[K()[m[Kâ€™ ?)
             [01;31m[Krate[m[K.sleep();
             [01;31m[K^~~~[m[K
[01m[K/home/roku/workspace_jun/dt_test/src/dt_test_pkg/src/digital_twin.cpp:[m[K In member function â€˜[01m[Kvoid DigitalTwin::offboard_send_target_pose()[m[Kâ€™:
[01m[K/home/roku/workspace_jun/dt_test/src/dt_test_pkg/src/digital_twin.cpp:111:13:[m[K [01;31m[Kerror: [m[Kinvalid use of member function â€˜[01m[Kros::Rate DigitalTwin::rate(int)[m[Kâ€™ (did you forget the â€˜[01m[K()[m[Kâ€™ ?)
             [01;31m[Krate[m[K.sleep();
             [01;31m[K^~~~[m[K
[01m[K/home/roku/workspace_jun/dt_test/src/dt_test_pkg/src/digital_twin.cpp:142:31:[m[K [01;31m[Kerror: [m[Kâ€˜[01m[Kpose01[m[Kâ€™ was not declared in this scope
         local_pos_pub.publish([01;31m[Kpose01[m[K);
                               [01;31m[K^~~~~~[m[K
[01m[K/home/roku/workspace_jun/dt_test/src/dt_test_pkg/src/digital_twin.cpp:142:31:[m[K [01;36m[Knote: [m[Ksuggested alternative: â€˜[01m[Kpose[m[Kâ€™
         local_pos_pub.publish([01;36m[Kpose01[m[K);
                               [01;36m[K^~~~~~[m[K
                               [32m[Kpose[m[K
[01m[K/home/roku/workspace_jun/dt_test/src/dt_test_pkg/src/digital_twin.cpp:145:9:[m[K [01;31m[Kerror: [m[Kinvalid use of member function â€˜[01m[Kros::Rate DigitalTwin::rate(int)[m[Kâ€™ (did you forget the â€˜[01m[K()[m[Kâ€™ ?)
         [01;31m[Krate[m[K.sleep();
         [01;31m[K^~~~[m[K
[01m[K/home/roku/workspace_jun/dt_test/src/dt_test_pkg/src/digital_twin.cpp:[m[K In member function â€˜[01m[Kvoid DigitalTwin::safe_control()[m[Kâ€™:
[01m[K/home/roku/workspace_jun/dt_test/src/dt_test_pkg/src/digital_twin.cpp:156:85:[m[K [01;31m[Kerror: [m[Kâ€˜[01m[KControlEval[m[Kâ€™ is not a member of â€˜[01m[Kdt_test_pkg[m[Kâ€™
         ros::ServiceClient client_control_evaluation = n.serviceClient<dt_test_pkg::[01;31m[KControlEval[m[K>("control_evaluation");// client connnected to service
                                                                                     [01;31m[K^~~~~~~~~~~[m[K
[01m[K/home/roku/workspace_jun/dt_test/src/dt_test_pkg/src/digital_twin.cpp:156:85:[m[K [01;31m[Kerror: [m[Kâ€˜[01m[KControlEval[m[Kâ€™ is not a member of â€˜[01m[Kdt_test_pkg[m[Kâ€™
[01m[K/home/roku/workspace_jun/dt_test/src/dt_test_pkg/src/digital_twin.cpp:156:118:[m[K [01;31m[Kerror: [m[Kno matching function for call to â€˜[01m[Kros::NodeHandle::serviceClient<<expression error> >(const char [19])[m[Kâ€™
         ros::ServiceClient client_control_evaluation = n.serviceClient<dt_test_pkg::ControlEval>("control_evaluation"[01;31m[K)[m[K;// client connnected to service
                                                                                                                      [01;31m[K^[m[K
In file included from [01m[K/opt/ros/noetic/include/ros/ros.h:45[m[K,
                 from [01m[K/home/roku/workspace_jun/dt_test/src/dt_test_pkg/src/digital_twin.cpp:2[m[K:
[01m[K/opt/ros/noetic/include/ros/node_handle.h:1240:17:[m[K [01;36m[Knote: [m[Kcandidate: â€˜[01m[Ktemplate<class MReq, class MRes> ros::ServiceClient ros::NodeHandle::serviceClient(const string&, bool, const M_string&)[m[Kâ€™
   ServiceClient [01;36m[KserviceClient[m[K(const std::string& service_name, bool persistent = false,
                 [01;36m[K^~~~~~~~~~~~~[m[K
[01m[K/opt/ros/noetic/include/ros/node_handle.h:1240:17:[m[K [01;36m[Knote: [m[K  template argument deduction/substitution failed:
[01m[K/home/roku/workspace_jun/dt_test/src/dt_test_pkg/src/digital_twin.cpp:156:118:[m[K [01;31m[Kerror: [m[Ktemplate argument 1 is invalid
         ros::ServiceClient client_control_evaluation = n.serviceClient<dt_test_pkg::ControlEval>("control_evaluation"[01;31m[K)[m[K;// client connnected to service
                                                                                                                      [01;31m[K^[m[K
In file included from [01m[K/opt/ros/noetic/include/ros/ros.h:45[m[K,
                 from [01m[K/home/roku/workspace_jun/dt_test/src/dt_test_pkg/src/digital_twin.cpp:2[m[K:
[01m[K/opt/ros/noetic/include/ros/node_handle.h:1260:17:[m[K [01;36m[Knote: [m[Kcandidate: â€˜[01m[Ktemplate<class Service> ros::ServiceClient ros::NodeHandle::serviceClient(const string&, bool, const M_string&)[m[Kâ€™
   ServiceClient [01;36m[KserviceClient[m[K(const std::string& service_name, bool persistent = false,
                 [01;36m[K^~~~~~~~~~~~~[m[K
[01m[K/opt/ros/noetic/include/ros/node_handle.h:1260:17:[m[K [01;36m[Knote: [m[K  template argument deduction/substitution failed:
[01m[K/home/roku/workspace_jun/dt_test/src/dt_test_pkg/src/digital_twin.cpp:156:118:[m[K [01;31m[Kerror: [m[Ktemplate argument 1 is invalid
         ros::ServiceClient client_control_evaluation = n.serviceClient<dt_test_pkg::ControlEval>("control_evaluation"[01;31m[K)[m[K;// client connnected to service
                                                                                                                      [01;31m[K^[m[K
[01m[K/home/roku/workspace_jun/dt_test/src/dt_test_pkg/src/digital_twin.cpp:157:22:[m[K [01;31m[Kerror: [m[Kâ€˜[01m[KControlEval[m[Kâ€™ is not a member of â€˜[01m[Kdt_test_pkg[m[Kâ€™
         dt_test_pkg::[01;31m[KControlEval[m[K control_evaluation_msg;
                      [01;31m[K^~~~~~~~~~~[m[K
[01m[K/home/roku/workspace_jun/dt_test/src/dt_test_pkg/src/digital_twin.cpp:161:44:[m[K [01;31m[Kerror: [m[Kâ€˜[01m[Kcontrol_evaluation_msg[m[Kâ€™ was not declared in this scope
         if (client_control_evaluation.call([01;31m[Kcontrol_evaluation_msg[m[K) )
                                            [01;31m[K^~~~~~~~~~~~~~~~~~~~~~[m[K
[01m[K/home/roku/workspace_jun/dt_test/src/dt_test_pkg/src/digital_twin.cpp:161:44:[m[K [01;36m[Knote: [m[Ksuggested alternative: â€˜[01m[Kclient_control_evaluation[m[Kâ€™
         if (client_control_evaluation.call([01;36m[Kcontrol_evaluation_msg[m[K) )
                                            [01;36m[K^~~~~~~~~~~~~~~~~~~~~~[m[K
                                            [32m[Kclient_control_evaluation[m[K
[01m[K/home/roku/workspace_jun/dt_test/src/dt_test_pkg/src/digital_twin.cpp:164:18:[m[K [01;31m[Kerror: [m[Kexpected unqualified-id before â€˜[01m[Kbool[m[Kâ€™
             std::[01;31m[Kbool[m[K result = control_evaluation_msg.response.control_ok;
                  [01;31m[K^~~~[m[K
[01m[K/home/roku/workspace_jun/dt_test/src/dt_test_pkg/src/digital_twin.cpp:171:16:[m[K [01;31m[Kerror: [m[Kâ€˜[01m[Kresult[m[Kâ€™ was not declared in this scope
         return [01;31m[Kresult[m[K;
                [01;31m[K^~~~~~[m[K
[01m[K/home/roku/workspace_jun/dt_test/src/dt_test_pkg/src/digital_twin.cpp:171:16:[m[K [01;31m[Kerror: [m[Kreturn-statement with a value, in function returning â€˜[01m[Kvoid[m[Kâ€™ [[01;31m[K-fpermissive[m[K]
make[2]: *** [CMakeFiles/digital_twin.dir/build.make:63: CMakeFiles/digital_twin.dir/src/digital_twin.cpp.o] Error 1
make[1]: *** [CMakeFiles/Makefile2:1121: CMakeFiles/digital_twin.dir/all] Error 2
make: *** [Makefile:141: all] Error 2
