In file included from [01m[K/home/roku/workspace_jun/dt_test/src/dt_test_pkg/src/digital_twin.cpp:3[m[K:
[01m[K/home/roku/workspace_jun/dt_test/src/dt_test_pkg/src/dynamic_model_quad.cpp:[m[K In member function â€˜[01m[Kvoid QuadDynamicModel::updateModelParameters()[m[Kâ€™:
[01m[K/home/roku/workspace_jun/dt_test/src/dt_test_pkg/src/dynamic_model_quad.cpp:162:15:[m[K [01;31m[Kerror: [m[Kinvalid use of member function â€˜[01m[KEigen::QuaternionBase<Derived>::NonConstCoeffReturnType Eigen::QuaternionBase<Derived>::x() [with Derived = Eigen::Quaternion<float>; Eigen::QuaternionBase<Derived>::NonConstCoeffReturnType = float&][m[Kâ€™ (did you forget the â€˜[01m[K()[m[Kâ€™ ?)
         [01;31m[K_quat.x[m[K = current_pose.orientation.x;
         [01;31m[K~~~~~~^[m[K
[01m[K/home/roku/workspace_jun/dt_test/src/dt_test_pkg/src/dynamic_model_quad.cpp:163:15:[m[K [01;31m[Kerror: [m[Kinvalid use of member function â€˜[01m[KEigen::QuaternionBase<Derived>::NonConstCoeffReturnType Eigen::QuaternionBase<Derived>::y() [with Derived = Eigen::Quaternion<float>; Eigen::QuaternionBase<Derived>::NonConstCoeffReturnType = float&][m[Kâ€™ (did you forget the â€˜[01m[K()[m[Kâ€™ ?)
         [01;31m[K_quat.y[m[K =  current_pose.orientation.y;
         [01;31m[K~~~~~~^[m[K
[01m[K/home/roku/workspace_jun/dt_test/src/dt_test_pkg/src/dynamic_model_quad.cpp:164:15:[m[K [01;31m[Kerror: [m[Kinvalid use of member function â€˜[01m[KEigen::QuaternionBase<Derived>::NonConstCoeffReturnType Eigen::QuaternionBase<Derived>::z() [with Derived = Eigen::Quaternion<float>; Eigen::QuaternionBase<Derived>::NonConstCoeffReturnType = float&][m[Kâ€™ (did you forget the â€˜[01m[K()[m[Kâ€™ ?)
         [01;31m[K_quat.z[m[K = current_pose.orientation.z;
         [01;31m[K~~~~~~^[m[K
[01m[K/home/roku/workspace_jun/dt_test/src/dt_test_pkg/src/dynamic_model_quad.cpp:165:15:[m[K [01;31m[Kerror: [m[Kinvalid use of member function â€˜[01m[KEigen::QuaternionBase<Derived>::NonConstCoeffReturnType Eigen::QuaternionBase<Derived>::w() [with Derived = Eigen::Quaternion<float>; Eigen::QuaternionBase<Derived>::NonConstCoeffReturnType = float&][m[Kâ€™ (did you forget the â€˜[01m[K()[m[Kâ€™ ?)
         [01;31m[K_quat.w[m[K = current_pose.orientation.w;
         [01;31m[K~~~~~~^[m[K
[01m[K/home/roku/workspace_jun/dt_test/src/dt_test_pkg/src/dynamic_model_quad.cpp:171:48:[m[K [01;31m[Kerror: [m[Kâ€˜[01m[Kgeometry_msgs::Twist[m[Kâ€™ {aka â€˜[01m[Kstruct geometry_msgs::Twist_<std::allocator<void> >[m[Kâ€™} has no member named â€˜[01m[Ktwist[m[Kâ€™; did you mean â€˜[01m[KTwist_[m[Kâ€™?
         _v = _R_IB * Vector3f(current_velocity.[01;31m[Ktwist[m[K.linear.x,
                                                [01;31m[K^~~~~[m[K
                                                [32m[KTwist_[m[K
[01m[K/home/roku/workspace_jun/dt_test/src/dt_test_pkg/src/dynamic_model_quad.cpp:172:30:[m[K [01;31m[Kerror: [m[Kâ€˜[01m[Kgeometry_msgs::Twist[m[Kâ€™ {aka â€˜[01m[Kstruct geometry_msgs::Twist_<std::allocator<void> >[m[Kâ€™} has no member named â€˜[01m[Ktwist[m[Kâ€™; did you mean â€˜[01m[KTwist_[m[Kâ€™?
             current_velocity.[01;31m[Ktwist[m[K.linear.y,
                              [01;31m[K^~~~~[m[K
                              [32m[KTwist_[m[K
[01m[K/home/roku/workspace_jun/dt_test/src/dt_test_pkg/src/dynamic_model_quad.cpp:173:30:[m[K [01;31m[Kerror: [m[Kâ€˜[01m[Kgeometry_msgs::Twist[m[Kâ€™ {aka â€˜[01m[Kstruct geometry_msgs::Twist_<std::allocator<void> >[m[Kâ€™} has no member named â€˜[01m[Ktwist[m[Kâ€™; did you mean â€˜[01m[KTwist_[m[Kâ€™?
             current_velocity.[01;31m[Ktwist[m[K.linear.z);
                              [01;31m[K^~~~~[m[K
                              [32m[KTwist_[m[K
make[2]: *** [CMakeFiles/digital_twin.dir/build.make:63: CMakeFiles/digital_twin.dir/src/digital_twin.cpp.o] Error 1
make[1]: *** [CMakeFiles/Makefile2:1121: CMakeFiles/digital_twin.dir/all] Error 2
make: *** [Makefile:141: all] Error 2
