[  9%] Built target physical_entity
[ 19%] Built target environment
[ 28%] Built target test_matrix
[ 28%] Built target std_msgs_generate_messages_py
[ 28%] Built target _dt_test_pkg_generate_messages_check_deps_Wind
[ 28%] Built target _dt_test_pkg_generate_messages_check_deps_ControlEval
[ 28%] Built target geometry_msgs_generate_messages_py
[ 28%] Built target sensor_msgs_generate_messages_py
[ 28%] Built target std_msgs_generate_messages_nodejs
[ 28%] Built target geometry_msgs_generate_messages_nodejs
[ 28%] Built target sensor_msgs_generate_messages_nodejs
[ 28%] Built target geometry_msgs_generate_messages_eus
[ 28%] Built target sensor_msgs_generate_messages_eus
[ 28%] Built target std_msgs_generate_messages_eus
[ 28%] Built target std_msgs_generate_messages_cpp
[ 28%] Built target geometry_msgs_generate_messages_cpp
[ 28%] Built target geometry_msgs_generate_messages_lisp
[ 28%] Built target sensor_msgs_generate_messages_cpp
[ 28%] Built target sensor_msgs_generate_messages_lisp
[ 28%] Built target std_msgs_generate_messages_lisp
[35m[1mScanning dependencies of target digital_twin[0m
[ 33%] [32mBuilding CXX object CMakeFiles/digital_twin.dir/src/digital_twin.cpp.o[0m
[ 52%] Built target dt_test_pkg_generate_messages_py
[ 61%] Built target dt_test_pkg_generate_messages_nodejs
[ 76%] Built target dt_test_pkg_generate_messages_eus
[ 85%] Built target dt_test_pkg_generate_messages_lisp
[ 95%] Built target dt_test_pkg_generate_messages_cpp
[ 95%] Built target dt_test_pkg_generate_messages
In file included from [01m[K/home/roku/workspace_jun/dt_test/src/dt_test_pkg/src/digital_twin.cpp:3[m[K:
[01m[K/home/roku/workspace_jun/dt_test/src/dt_test_pkg/src/dynamic_model_quad.cpp:59:9:[m[K [01;31m[Kerror: [m[Kexpected â€˜[01m[K}[m[Kâ€™ before â€˜[01m[KVector3f[m[Kâ€™
         [01;31m[KVector3f[m[K(0, l, 0),
         [01;31m[K^~~~~~~~[m[K
[01m[K/home/roku/workspace_jun/dt_test/src/dt_test_pkg/src/dynamic_model_quad.cpp:57:20:[m[K [01;36m[Knote: [m[Kto match this â€˜[01m[K{[m[Kâ€™
     Vector3f r[4]= [01;36m[K{[m[K
                    [01;36m[K^[m[K
[01m[K/home/roku/workspace_jun/dt_test/src/dt_test_pkg/src/dynamic_model_quad.cpp:59:9:[m[K [01;31m[Kerror: [m[Kexpected â€˜[01m[K;[m[Kâ€™ before â€˜[01m[KVector3f[m[Kâ€™
         [01;31m[KVector3f[m[K(0, l, 0),
         [01;31m[K^~~~~~~~[m[K
make[2]: *** [CMakeFiles/digital_twin.dir/build.make:63: CMakeFiles/digital_twin.dir/src/digital_twin.cpp.o] Error 1
make[1]: *** [CMakeFiles/Makefile2:1177: CMakeFiles/digital_twin.dir/all] Error 2
make: *** [Makefile:141: all] Error 2
