[01m[K/home/roku/workspace_jun/dt_test/src/dt_test_pkg/src/digital_twin.cpp:[m[K In member function â€˜[01m[Kbool DigitalTwin::safe_control()[m[Kâ€™:
[01m[K/home/roku/workspace_jun/dt_test/src/dt_test_pkg/src/digital_twin.cpp:166:51:[m[K [01;31m[Kerror: [m[Kexpected initializer before â€˜[01m[K.[m[Kâ€™ token
         geometry_msgs::Pose control_evaluation_msg[01;31m[K.[m[Krequest.current_pose = current_pose;
                                                   [01;31m[K^[m[K
make[2]: *** [CMakeFiles/digital_twin.dir/build.make:63: CMakeFiles/digital_twin.dir/src/digital_twin.cpp.o] Error 1
make[1]: *** [CMakeFiles/Makefile2:1121: CMakeFiles/digital_twin.dir/all] Error 2
make: *** [Makefile:141: all] Error 2
