[01m[K/home/roku/workspace_jun/dt_test/src/my_controller_pkg/src/ground_controller_node.cpp:[m[K In function â€˜[01m[Kint main(int, char**)[m[Kâ€™:
[01m[K/home/roku/workspace_jun/dt_test/src/my_controller_pkg/src/ground_controller_node.cpp:50:31:[m[K [01;31m[Kerror: [m[Kâ€˜[01m[Kpose[m[Kâ€™ was not declared in this scope
         local_pos_pub.publish([01;31m[Kpose[m[K);
                               [01;31m[K^~~~[m[K
[01m[K/home/roku/workspace_jun/dt_test/src/my_controller_pkg/src/ground_controller_node.cpp:50:31:[m[K [01;36m[Knote: [m[Ksuggested alternative: â€˜[01m[Kpose01[m[Kâ€™
         local_pos_pub.publish([01;36m[Kpose[m[K);
                               [01;36m[K^~~~[m[K
                               [32m[Kpose01[m[K
make[2]: *** [CMakeFiles/ground_controller_node.dir/build.make:63: CMakeFiles/ground_controller_node.dir/src/ground_controller_node.cpp.o] Error 1
make[1]: *** [CMakeFiles/Makefile2:1217: CMakeFiles/ground_controller_node.dir/all] Error 2
make: *** [Makefile:141: all] Error 2
